Tue 17 May 2022 12:18:29 PM CEST
r26n14.lisa.surfsara.nl
uid=55639(jharris) gid=55199(jharris) groups=55199(jharris),46457(lisa_uva_gpu),50488(ssh_forwarding)
/home/jharris/Desktop/approx_attention
Data Copied!
/home/jharris/Desktop/approx_attention/venvs/CPU_venv/bin/python

Check if packages installed correctly
Torch: 1.11.0+cpu
PyG: 2.0.4



==== CORA Statistics =====
Nodes: 2,708
Edges: 5,278.0
Features: 1,433
Classes: 7
Directed?: False
%Train: 0.446
%Val: 0.185
%Test: 0.369
Avg. Deg.: 3.898
Homophily Deg.: 0.81



==== PUBMED Statistics =====
Nodes: 19,717
Edges: 44,324.0
Features: 500
Classes: 3
Directed?: False
%Train: 0.924
%Val: 0.025
%Test: 0.051
Avg. Deg.: 4.496
Homophily Deg.: 0.802



==== ARXIV Statistics =====
Nodes: 169,343
Edges: 1,166,243
Features: 128
Classes: 40
Directed?: True
%Train: 0.537
%Val: 0.176
%Test: 0.287
Avg. Deg.: 6.887
Homophily Deg.: 0.655



==== PRODUCTS Statistics =====
Nodes: 2,449,029
Edges: 61,859,140.0
Features: 100
Classes: 47
Directed?: False
%Train: 0.08
%Val: 0.016
%Test: 0.904
Avg. Deg.: 50.517
Homophily Deg.: 0.808


++++++++++++++++++++++++++++++++++++++++++++++++++++
TOTAL RUNTIME = 0 hours 17 minutes
++++++++++++++++++++++++++++++++++++++++++++++++++++
