Sun 19 Jun 2022 02:56:28 PM CEST
r31n3.lisa.surfsara.nl
uid=55639(jharris) gid=55199(jharris) groups=55199(jharris),46457(lisa_uva_gpu),50488(ssh_forwarding)
/home/jharris/Desktop/approx_attention
/home/jharris/Desktop/approx_attention/venvs/GPU_venv/bin/python

Check if packages installed correctly
Torch: 1.11.0+cu113
PyG: 2.0.4

==================================================
Using backend: pytorch

===== PUBMED =====

Namespace(DATASET='pubmed', ATTN_FILTER='dot_product', EPOCHS=300, EVAL_EVERY=20, RUN_SEEDS=[0, 4, 8, 42, 64, 128, 256, 512, 1024, 2048], HOPS=5, BATCH_SIZE=64, LEARNING_RATE=0.001, WEIGHT_DECAY=1e-06, INCEPTION_LAYERS=2, INCEPTION_UNITS=64, CLASSIFICATION_LAYERS=3, CLASSIFICATION_UNITS=512, FEATURE_DROPOUT=0.0, NODE_DROPOUT=0.4, BATCH_NORMALIZATION=1, ATTN_HEADS=1, ATTN_NORMALIZATION=1, GAT_EPOCHS=10, GAT_BATCH_SIZE=1024, GAT_LEARNING_RATE=0.01, GAT_WEIGHT_DECAY=0.001, GAT_HIDDEN_UNITS=8, GAT_NODE_DROPOUT=0.6, GAT_LAYERS=2, GAT_HEADS_IN=8, GAT_HEADS_OUT=8, GAT_NEIGHBORS=150, GAT_LR_PATIENCE=5)

RUN #0: seed=0
DOT_PRODUCT
Attention Filter (n=88648): 0.992 +\- 0.007 [0.953-1.000]
Epoch 20:, Train 0.9934, Val 0.9220, Test 0.9000
Epoch 40:, Train 0.9995, Val 0.9160, Test 0.9100
Epoch 60:, Train 0.9997, Val 0.9040, Test 0.9020
Epoch 80:, Train 0.9995, Val 0.9060, Test 0.8980
Epoch 100:, Train 0.9999, Val 0.9080, Test 0.9010
Epoch 120:, Train 1.0000, Val 0.9160, Test 0.9040
Epoch 140:, Train 1.0000, Val 0.9120, Test 0.9010
Epoch 160:, Train 1.0000, Val 0.9080, Test 0.9040
Epoch 180:, Train 1.0000, Val 0.9100, Test 0.8990
Epoch 200:, Train 1.0000, Val 0.9120, Test 0.8980
Epoch 220:, Train 1.0000, Val 0.9160, Test 0.9060
Epoch 240:, Train 1.0000, Val 0.9120, Test 0.9010
Epoch 260:, Train 1.0000, Val 0.9060, Test 0.9060
Epoch 280:, Train 1.0000, Val 0.9080, Test 0.9050
Epoch 300:, Train 1.0000, Val 0.9180, Test 0.8990
BEST: Epoch 20, Train 0.9934, Val 0.9220, Test 0.9000

RUN #1: seed=4
DOT_PRODUCT
Attention Filter (n=88648): 0.991 +\- 0.008 [0.942-1.000]
Epoch 20:, Train 0.9929, Val 0.9060, Test 0.9080
Epoch 40:, Train 0.9995, Val 0.9120, Test 0.9000
Epoch 60:, Train 0.9995, Val 0.9080, Test 0.8930
Epoch 80:, Train 1.0000, Val 0.9140, Test 0.9010
Epoch 100:, Train 1.0000, Val 0.9200, Test 0.9050
Epoch 120:, Train 1.0000, Val 0.9040, Test 0.8960
Epoch 140:, Train 1.0000, Val 0.9040, Test 0.9050
Epoch 160:, Train 1.0000, Val 0.9180, Test 0.9090
Epoch 180:, Train 1.0000, Val 0.9040, Test 0.9040
Epoch 200:, Train 1.0000, Val 0.9120, Test 0.9130
Epoch 220:, Train 1.0000, Val 0.9200, Test 0.9140
Epoch 240:, Train 1.0000, Val 0.9100, Test 0.9070
Epoch 260:, Train 1.0000, Val 0.9220, Test 0.9050
Epoch 280:, Train 1.0000, Val 0.9120, Test 0.9020
Epoch 300:, Train 1.0000, Val 0.9200, Test 0.9030
BEST: Epoch 260, Train 1.0000, Val 0.9220, Test 0.9050

RUN #2: seed=8
DOT_PRODUCT
Attention Filter (n=88648): 0.992 +\- 0.007 [0.950-1.000]
Epoch 20:, Train 0.9933, Val 0.9060, Test 0.9040
Epoch 40:, Train 0.9984, Val 0.8980, Test 0.8940
Epoch 60:, Train 0.9998, Val 0.9060, Test 0.9020
Epoch 80:, Train 0.9999, Val 0.9080, Test 0.9050
Epoch 100:, Train 0.9998, Val 0.9060, Test 0.8910
Epoch 120:, Train 0.9999, Val 0.8940, Test 0.8950
Epoch 140:, Train 1.0000, Val 0.9020, Test 0.8920
Epoch 160:, Train 0.9999, Val 0.9100, Test 0.8950
Epoch 180:, Train 1.0000, Val 0.8920, Test 0.8920
Epoch 200:, Train 1.0000, Val 0.9060, Test 0.9010
Epoch 220:, Train 1.0000, Val 0.9020, Test 0.8990
Epoch 240:, Train 1.0000, Val 0.9140, Test 0.8990
Epoch 260:, Train 1.0000, Val 0.9020, Test 0.8940
Epoch 280:, Train 1.0000, Val 0.9000, Test 0.8950
Epoch 300:, Train 1.0000, Val 0.9020, Test 0.8990
BEST: Epoch 240, Train 1.0000, Val 0.9140, Test 0.8990

RUN #3: seed=42
DOT_PRODUCT
Attention Filter (n=88648): 0.992 +\- 0.007 [0.933-1.000]
Epoch 20:, Train 0.9936, Val 0.9160, Test 0.9030
Epoch 40:, Train 0.9987, Val 0.9060, Test 0.8970
Epoch 60:, Train 0.9997, Val 0.9000, Test 0.9070
Epoch 80:, Train 0.9999, Val 0.9040, Test 0.9030
Epoch 100:, Train 0.9999, Val 0.8960, Test 0.8990
Epoch 120:, Train 1.0000, Val 0.8900, Test 0.8990
Epoch 140:, Train 1.0000, Val 0.9080, Test 0.9040
Epoch 160:, Train 1.0000, Val 0.9000, Test 0.8940
Epoch 180:, Train 1.0000, Val 0.9120, Test 0.9020
Epoch 200:, Train 0.9999, Val 0.9040, Test 0.8990
Epoch 220:, Train 1.0000, Val 0.9100, Test 0.8990
Epoch 240:, Train 1.0000, Val 0.9120, Test 0.9000
Epoch 260:, Train 1.0000, Val 0.9000, Test 0.8980
Epoch 280:, Train 1.0000, Val 0.9020, Test 0.9020
Epoch 300:, Train 1.0000, Val 0.9000, Test 0.8990
BEST: Epoch 20, Train 0.9936, Val 0.9160, Test 0.9030

RUN #4: seed=64
DOT_PRODUCT
Attention Filter (n=88648): 0.992 +\- 0.007 [0.941-1.000]
Epoch 20:, Train 0.9916, Val 0.9180, Test 0.9030
Epoch 40:, Train 0.9984, Val 0.9000, Test 0.9010
Epoch 60:, Train 0.9999, Val 0.9100, Test 0.9050
Epoch 80:, Train 0.9999, Val 0.9080, Test 0.8990
Epoch 100:, Train 1.0000, Val 0.9000, Test 0.8950
Epoch 120:, Train 1.0000, Val 0.9140, Test 0.8940
Epoch 140:, Train 0.9999, Val 0.9100, Test 0.9080
Epoch 160:, Train 1.0000, Val 0.9120, Test 0.9000
Epoch 180:, Train 1.0000, Val 0.9140, Test 0.9010
Epoch 200:, Train 1.0000, Val 0.9080, Test 0.9010
Epoch 220:, Train 0.9999, Val 0.8960, Test 0.8940
Epoch 240:, Train 1.0000, Val 0.9040, Test 0.8920
Epoch 260:, Train 1.0000, Val 0.9200, Test 0.9020
Epoch 280:, Train 1.0000, Val 0.9060, Test 0.8980
Epoch 300:, Train 1.0000, Val 0.9080, Test 0.9000
BEST: Epoch 260, Train 1.0000, Val 0.9200, Test 0.9020

RUN #5: seed=128
DOT_PRODUCT
Attention Filter (n=88648): 0.992 +\- 0.007 [0.947-1.000]
Epoch 20:, Train 0.9900, Val 0.9160, Test 0.8950
Epoch 40:, Train 0.9992, Val 0.9040, Test 0.8940
Epoch 60:, Train 0.9999, Val 0.9100, Test 0.9000
Epoch 80:, Train 0.9999, Val 0.9060, Test 0.8960
Epoch 100:, Train 1.0000, Val 0.9100, Test 0.8970
Epoch 120:, Train 0.9999, Val 0.9060, Test 0.8920
Epoch 140:, Train 1.0000, Val 0.9080, Test 0.9010
Epoch 160:, Train 1.0000, Val 0.9040, Test 0.8950
Epoch 180:, Train 1.0000, Val 0.8980, Test 0.9020
Epoch 200:, Train 1.0000, Val 0.9100, Test 0.9030
Epoch 220:, Train 0.9999, Val 0.9120, Test 0.8980
Epoch 240:, Train 1.0000, Val 0.9100, Test 0.9100
Epoch 260:, Train 1.0000, Val 0.9040, Test 0.8970
Epoch 280:, Train 1.0000, Val 0.9080, Test 0.9030
Epoch 300:, Train 1.0000, Val 0.9140, Test 0.9050
BEST: Epoch 20, Train 0.9900, Val 0.9160, Test 0.8950

RUN #6: seed=256
DOT_PRODUCT
Attention Filter (n=88648): 0.992 +\- 0.007 [0.945-1.000]
Epoch 20:, Train 0.9923, Val 0.9120, Test 0.9040
Epoch 40:, Train 0.9992, Val 0.8980, Test 0.9030
Epoch 60:, Train 0.9999, Val 0.9060, Test 0.9050
Epoch 80:, Train 0.9999, Val 0.9040, Test 0.8970
Epoch 100:, Train 0.9999, Val 0.8920, Test 0.9080
Epoch 120:, Train 1.0000, Val 0.9020, Test 0.9060
Epoch 140:, Train 1.0000, Val 0.9020, Test 0.9120
Epoch 160:, Train 1.0000, Val 0.8980, Test 0.9040
Epoch 180:, Train 1.0000, Val 0.9160, Test 0.8990
Epoch 200:, Train 1.0000, Val 0.9100, Test 0.9070
Epoch 220:, Train 1.0000, Val 0.9040, Test 0.9050
Epoch 240:, Train 1.0000, Val 0.9040, Test 0.9060
Epoch 260:, Train 1.0000, Val 0.9100, Test 0.9080
Epoch 280:, Train 1.0000, Val 0.8960, Test 0.9130
Epoch 300:, Train 1.0000, Val 0.8920, Test 0.9060
BEST: Epoch 180, Train 1.0000, Val 0.9160, Test 0.8990

RUN #7: seed=512
DOT_PRODUCT
Attention Filter (n=88648): 0.991 +\- 0.008 [0.945-1.000]
Epoch 20:, Train 0.9917, Val 0.9220, Test 0.9000
Epoch 40:, Train 0.9989, Val 0.9100, Test 0.9100
Epoch 60:, Train 0.9999, Val 0.9040, Test 0.9010
Epoch 80:, Train 1.0000, Val 0.9060, Test 0.9080
Epoch 100:, Train 0.9999, Val 0.8960, Test 0.9120
Epoch 120:, Train 1.0000, Val 0.9080, Test 0.9080
Epoch 140:, Train 1.0000, Val 0.9020, Test 0.9130
Epoch 160:, Train 0.9999, Val 0.9120, Test 0.9130
Epoch 180:, Train 1.0000, Val 0.9060, Test 0.9130
Epoch 200:, Train 1.0000, Val 0.9100, Test 0.9080
Epoch 220:, Train 1.0000, Val 0.9080, Test 0.9050
Epoch 240:, Train 1.0000, Val 0.9100, Test 0.9080
Epoch 260:, Train 1.0000, Val 0.9080, Test 0.9060
Epoch 280:, Train 1.0000, Val 0.9040, Test 0.9090
Epoch 300:, Train 1.0000, Val 0.9000, Test 0.9130
BEST: Epoch 20, Train 0.9917, Val 0.9220, Test 0.9000

RUN #8: seed=1024
DOT_PRODUCT
Attention Filter (n=88648): 0.991 +\- 0.008 [0.948-1.000]
Epoch 20:, Train 0.9920, Val 0.9220, Test 0.9040
Epoch 40:, Train 0.9996, Val 0.9020, Test 0.9080
Epoch 60:, Train 0.9996, Val 0.8960, Test 0.9020
Epoch 80:, Train 0.9998, Val 0.9080, Test 0.9090
Epoch 100:, Train 1.0000, Val 0.9120, Test 0.9010
Epoch 120:, Train 1.0000, Val 0.9060, Test 0.8980
Epoch 140:, Train 1.0000, Val 0.9060, Test 0.8970
Epoch 160:, Train 1.0000, Val 0.9100, Test 0.8990
Epoch 180:, Train 1.0000, Val 0.9180, Test 0.9030
Epoch 200:, Train 1.0000, Val 0.9160, Test 0.9030
Epoch 220:, Train 1.0000, Val 0.9200, Test 0.9010
Epoch 240:, Train 1.0000, Val 0.9220, Test 0.8970
Epoch 260:, Train 1.0000, Val 0.9080, Test 0.9050
Epoch 280:, Train 1.0000, Val 0.9140, Test 0.9020
Epoch 300:, Train 1.0000, Val 0.9260, Test 0.9000
BEST: Epoch 300, Train 1.0000, Val 0.9260, Test 0.9000

RUN #9: seed=2048
DOT_PRODUCT
Attention Filter (n=88648): 0.992 +\- 0.007 [0.954-1.000]
Epoch 20:, Train 0.9926, Val 0.9260, Test 0.9080
Epoch 40:, Train 0.9982, Val 0.9120, Test 0.8970
Epoch 60:, Train 0.9998, Val 0.9200, Test 0.8910
Epoch 80:, Train 0.9999, Val 0.9180, Test 0.9020
Epoch 100:, Train 1.0000, Val 0.9180, Test 0.8990
Epoch 120:, Train 0.9999, Val 0.9000, Test 0.9050
Epoch 140:, Train 1.0000, Val 0.9020, Test 0.8980
Epoch 160:, Train 1.0000, Val 0.9020, Test 0.8990
Epoch 180:, Train 1.0000, Val 0.9100, Test 0.9060
Epoch 200:, Train 1.0000, Val 0.9000, Test 0.9070
Epoch 220:, Train 1.0000, Val 0.8920, Test 0.8990
Epoch 240:, Train 1.0000, Val 0.9000, Test 0.9090
Epoch 260:, Train 1.0000, Val 0.9100, Test 0.9050
Epoch 280:, Train 1.0000, Val 0.9000, Test 0.9060
Epoch 300:, Train 1.0000, Val 0.9040, Test 0.9080
BEST: Epoch 20, Train 0.9926, Val 0.9260, Test 0.9080




==================================================
Model Parameters: 681483

Avg. Preaggregation Time (s): 22.1584 +/- 3.4010
Avg. Training Time (epoch) (s): 5.3443 +/- 0.9584
Avg. Inference Time (s): 0.6045 +/- 0.0822

Avg. Training Acc: 0.9961 +/- 0.0040
Avg. Validation Acc: 0.9200 +/- 0.0041
Avg. Test Acc: 0.9011 +/- 0.0034

==================================================

++++++++++++++++++++++++++++++++++++++++++++++++++++
TOTAL RUNTIME = 4 hours 36 minutes
++++++++++++++++++++++++++++++++++++++++++++++++++++
