Sun 19 Jun 2022 02:56:28 PM CEST
r31n3.lisa.surfsara.nl
uid=55639(jharris) gid=55199(jharris) groups=55199(jharris),46457(lisa_uva_gpu),50488(ssh_forwarding)
/home/jharris/Desktop/approx_attention
/home/jharris/Desktop/approx_attention/venvs/GPU_venv/bin/python

Check if packages installed correctly
Torch: 1.11.0+cu113
PyG: 2.0.4

==================================================
Using backend: pytorch

===== PUBMED =====

Namespace(DATASET='pubmed', ATTN_FILTER='dot_product', EPOCHS=300, EVAL_EVERY=20, RUN_SEEDS=[0, 4, 8, 42, 64, 128, 256, 512, 1024, 2048], HOPS=4, BATCH_SIZE=256, LEARNING_RATE=0.0001, WEIGHT_DECAY=1e-07, INCEPTION_LAYERS=3, INCEPTION_UNITS=512, CLASSIFICATION_LAYERS=2, CLASSIFICATION_UNITS=256, FEATURE_DROPOUT=0.2, NODE_DROPOUT=0.5, BATCH_NORMALIZATION=1, ATTN_HEADS=3, ATTN_NORMALIZATION=1, GAT_EPOCHS=10, GAT_BATCH_SIZE=1024, GAT_LEARNING_RATE=0.01, GAT_WEIGHT_DECAY=0.001, GAT_HIDDEN_UNITS=8, GAT_NODE_DROPOUT=0.6, GAT_LAYERS=2, GAT_HEADS_IN=8, GAT_HEADS_OUT=8, GAT_NEIGHBORS=150, GAT_LR_PATIENCE=5)

RUN #0: seed=0
DOT_PRODUCT
Attention Filter (n=88648): 0.995 +\- 0.004 [0.967-1.000]
Epoch 20:, Train 0.9357, Val 0.9220, Test 0.9050
Epoch 40:, Train 0.9611, Val 0.9380, Test 0.9040
Epoch 60:, Train 0.9837, Val 0.9280, Test 0.9010
Epoch 80:, Train 0.9954, Val 0.9280, Test 0.9060
Epoch 100:, Train 0.9995, Val 0.9260, Test 0.9070
Epoch 120:, Train 1.0000, Val 0.9320, Test 0.8990
Epoch 140:, Train 1.0000, Val 0.9280, Test 0.9010
Epoch 160:, Train 1.0000, Val 0.9260, Test 0.9030
Epoch 180:, Train 1.0000, Val 0.9240, Test 0.9040
Epoch 200:, Train 1.0000, Val 0.9280, Test 0.9060
Epoch 220:, Train 1.0000, Val 0.9240, Test 0.8990
Epoch 240:, Train 1.0000, Val 0.9260, Test 0.9010
Epoch 260:, Train 1.0000, Val 0.9200, Test 0.9020
Epoch 280:, Train 1.0000, Val 0.9260, Test 0.8950
Epoch 300:, Train 1.0000, Val 0.9140, Test 0.9000
BEST: Epoch 40, Train 0.9611, Val 0.9380, Test 0.9040

RUN #1: seed=4
DOT_PRODUCT
Attention Filter (n=88648): 0.995 +\- 0.004 [0.967-1.000]
Epoch 20:, Train 0.9357, Val 0.9140, Test 0.9020
Epoch 40:, Train 0.9599, Val 0.9260, Test 0.9000
Epoch 60:, Train 0.9853, Val 0.9300, Test 0.9050
Epoch 80:, Train 0.9975, Val 0.9240, Test 0.9010
Epoch 100:, Train 0.9995, Val 0.9240, Test 0.9000
Epoch 120:, Train 0.9999, Val 0.9240, Test 0.8970
Epoch 140:, Train 1.0000, Val 0.9220, Test 0.8940
Epoch 160:, Train 1.0000, Val 0.9260, Test 0.8990
Epoch 180:, Train 1.0000, Val 0.9160, Test 0.8960
Epoch 200:, Train 1.0000, Val 0.9220, Test 0.8960
Epoch 220:, Train 1.0000, Val 0.9200, Test 0.9000
Epoch 240:, Train 1.0000, Val 0.9080, Test 0.8930
Epoch 260:, Train 1.0000, Val 0.9160, Test 0.8980
Epoch 280:, Train 1.0000, Val 0.9160, Test 0.8960
Epoch 300:, Train 1.0000, Val 0.9160, Test 0.9000
BEST: Epoch 60, Train 0.9853, Val 0.9300, Test 0.9050

RUN #2: seed=8
DOT_PRODUCT
Attention Filter (n=88648): 0.995 +\- 0.004 [0.969-1.000]
Epoch 20:, Train 0.9346, Val 0.9300, Test 0.8960
Epoch 40:, Train 0.9605, Val 0.9200, Test 0.9040
Epoch 60:, Train 0.9802, Val 0.9340, Test 0.9050
Epoch 80:, Train 0.9960, Val 0.9260, Test 0.9020
Epoch 100:, Train 0.9996, Val 0.9340, Test 0.9030
Epoch 120:, Train 0.9999, Val 0.9240, Test 0.9010
Epoch 140:, Train 0.9999, Val 0.9220, Test 0.9020
Epoch 160:, Train 1.0000, Val 0.9340, Test 0.9030
Epoch 180:, Train 1.0000, Val 0.9340, Test 0.8990
Epoch 200:, Train 1.0000, Val 0.9320, Test 0.9020
Epoch 220:, Train 1.0000, Val 0.9320, Test 0.9040
Epoch 240:, Train 1.0000, Val 0.9220, Test 0.8950
Epoch 260:, Train 1.0000, Val 0.9280, Test 0.8980
Epoch 280:, Train 1.0000, Val 0.9200, Test 0.9000
Epoch 300:, Train 1.0000, Val 0.9220, Test 0.8990
BEST: Epoch 60, Train 0.9802, Val 0.9340, Test 0.9050

RUN #3: seed=42
DOT_PRODUCT
Attention Filter (n=88648): 0.995 +\- 0.005 [0.962-1.000]
Epoch 20:, Train 0.9357, Val 0.9240, Test 0.9030
Epoch 40:, Train 0.9606, Val 0.9360, Test 0.9090
Epoch 60:, Train 0.9815, Val 0.9260, Test 0.9110
Epoch 80:, Train 0.9963, Val 0.9260, Test 0.9050
Epoch 100:, Train 0.9993, Val 0.9300, Test 0.9080
Epoch 120:, Train 1.0000, Val 0.9260, Test 0.9060
Epoch 140:, Train 1.0000, Val 0.9180, Test 0.9060
Epoch 160:, Train 1.0000, Val 0.9140, Test 0.9030
Epoch 180:, Train 1.0000, Val 0.9200, Test 0.9020
Epoch 200:, Train 1.0000, Val 0.9240, Test 0.8950
Epoch 220:, Train 1.0000, Val 0.9180, Test 0.9040
Epoch 240:, Train 1.0000, Val 0.9160, Test 0.8980
Epoch 260:, Train 1.0000, Val 0.9240, Test 0.9020
Epoch 280:, Train 1.0000, Val 0.9200, Test 0.9030
Epoch 300:, Train 1.0000, Val 0.9200, Test 0.9000
BEST: Epoch 40, Train 0.9606, Val 0.9360, Test 0.9090

RUN #4: seed=64
DOT_PRODUCT
Attention Filter (n=88648): 0.995 +\- 0.004 [0.970-1.000]
Epoch 20:, Train 0.9334, Val 0.9120, Test 0.9040
Epoch 40:, Train 0.9594, Val 0.9200, Test 0.9070
Epoch 60:, Train 0.9839, Val 0.9240, Test 0.9120
Epoch 80:, Train 0.9972, Val 0.9180, Test 0.9100
Epoch 100:, Train 0.9994, Val 0.9280, Test 0.9100
Epoch 120:, Train 0.9999, Val 0.9260, Test 0.9110
Epoch 140:, Train 1.0000, Val 0.9220, Test 0.9050
Epoch 160:, Train 1.0000, Val 0.9240, Test 0.9050
Epoch 180:, Train 1.0000, Val 0.9260, Test 0.9010
Epoch 200:, Train 1.0000, Val 0.9160, Test 0.9050
Epoch 220:, Train 1.0000, Val 0.9180, Test 0.9020
Epoch 240:, Train 1.0000, Val 0.9240, Test 0.9010
Epoch 260:, Train 1.0000, Val 0.9160, Test 0.9060
Epoch 280:, Train 1.0000, Val 0.9220, Test 0.9030
Epoch 300:, Train 1.0000, Val 0.9220, Test 0.8980
BEST: Epoch 100, Train 0.9994, Val 0.9280, Test 0.9100

RUN #5: seed=128
DOT_PRODUCT
Attention Filter (n=88648): 0.995 +\- 0.004 [0.972-1.000]
Epoch 20:, Train 0.9355, Val 0.9220, Test 0.9040
Epoch 40:, Train 0.9593, Val 0.9240, Test 0.9020
Epoch 60:, Train 0.9838, Val 0.9300, Test 0.9060
Epoch 80:, Train 0.9968, Val 0.9260, Test 0.9050
Epoch 100:, Train 0.9995, Val 0.9280, Test 0.9100
Epoch 120:, Train 0.9999, Val 0.9160, Test 0.9090
Epoch 140:, Train 1.0000, Val 0.9120, Test 0.9050
Epoch 160:, Train 1.0000, Val 0.9120, Test 0.9050
Epoch 180:, Train 1.0000, Val 0.9160, Test 0.9050
Epoch 200:, Train 1.0000, Val 0.9180, Test 0.9030
Epoch 220:, Train 1.0000, Val 0.9180, Test 0.9020
Epoch 240:, Train 1.0000, Val 0.9220, Test 0.9050
Epoch 260:, Train 1.0000, Val 0.9180, Test 0.8990
Epoch 280:, Train 1.0000, Val 0.9120, Test 0.8990
Epoch 300:, Train 1.0000, Val 0.9120, Test 0.8990
BEST: Epoch 60, Train 0.9838, Val 0.9300, Test 0.9060

RUN #6: seed=256
DOT_PRODUCT
Attention Filter (n=88648): 0.995 +\- 0.004 [0.970-1.000]
Epoch 20:, Train 0.9346, Val 0.9260, Test 0.9030
Epoch 40:, Train 0.9636, Val 0.9160, Test 0.9010
Epoch 60:, Train 0.9845, Val 0.9260, Test 0.9090
Epoch 80:, Train 0.9965, Val 0.9220, Test 0.9040
Epoch 100:, Train 0.9994, Val 0.9260, Test 0.9080
Epoch 120:, Train 0.9999, Val 0.9160, Test 0.9020
Epoch 140:, Train 1.0000, Val 0.9180, Test 0.9050
Epoch 160:, Train 1.0000, Val 0.9220, Test 0.9000
Epoch 180:, Train 1.0000, Val 0.9200, Test 0.9030
Epoch 200:, Train 1.0000, Val 0.9160, Test 0.9070
Epoch 220:, Train 1.0000, Val 0.9140, Test 0.9000
Epoch 240:, Train 1.0000, Val 0.9180, Test 0.8990
Epoch 260:, Train 1.0000, Val 0.9160, Test 0.9020
Epoch 280:, Train 1.0000, Val 0.9160, Test 0.9030
Epoch 300:, Train 1.0000, Val 0.9120, Test 0.8990
BEST: Epoch 20, Train 0.9346, Val 0.9260, Test 0.9030

RUN #7: seed=512
DOT_PRODUCT
Attention Filter (n=88648): 0.995 +\- 0.004 [0.963-1.000]
Epoch 20:, Train 0.9353, Val 0.9180, Test 0.8970
Epoch 40:, Train 0.9622, Val 0.9280, Test 0.9040
Epoch 60:, Train 0.9815, Val 0.9260, Test 0.9070
Epoch 80:, Train 0.9963, Val 0.9340, Test 0.9030
Epoch 100:, Train 0.9997, Val 0.9280, Test 0.8970
Epoch 120:, Train 0.9999, Val 0.9200, Test 0.9040
Epoch 140:, Train 1.0000, Val 0.9260, Test 0.9050
Epoch 160:, Train 1.0000, Val 0.9240, Test 0.9000
Epoch 180:, Train 1.0000, Val 0.9240, Test 0.9040
Epoch 200:, Train 1.0000, Val 0.9240, Test 0.8990
Epoch 220:, Train 1.0000, Val 0.9240, Test 0.9030
Epoch 240:, Train 1.0000, Val 0.9180, Test 0.8990
Epoch 260:, Train 1.0000, Val 0.9180, Test 0.9040
Epoch 280:, Train 1.0000, Val 0.9160, Test 0.9000
Epoch 300:, Train 1.0000, Val 0.9240, Test 0.8940
BEST: Epoch 80, Train 0.9963, Val 0.9340, Test 0.9030

RUN #8: seed=1024
DOT_PRODUCT
Attention Filter (n=88648): 0.995 +\- 0.004 [0.964-1.000]
Epoch 20:, Train 0.9359, Val 0.9180, Test 0.9020
Epoch 40:, Train 0.9603, Val 0.9160, Test 0.9070
Epoch 60:, Train 0.9839, Val 0.9240, Test 0.9040
Epoch 80:, Train 0.9965, Val 0.9240, Test 0.9050
Epoch 100:, Train 0.9996, Val 0.9140, Test 0.9060
Epoch 120:, Train 0.9999, Val 0.9100, Test 0.9060
Epoch 140:, Train 1.0000, Val 0.9140, Test 0.9100
Epoch 160:, Train 1.0000, Val 0.9140, Test 0.9070
Epoch 180:, Train 1.0000, Val 0.9160, Test 0.9100
Epoch 200:, Train 1.0000, Val 0.9220, Test 0.9070
Epoch 220:, Train 1.0000, Val 0.9140, Test 0.9080
Epoch 240:, Train 1.0000, Val 0.9120, Test 0.9090
Epoch 260:, Train 1.0000, Val 0.9100, Test 0.9080
Epoch 280:, Train 1.0000, Val 0.9100, Test 0.9070
Epoch 300:, Train 1.0000, Val 0.9160, Test 0.9040
BEST: Epoch 60, Train 0.9839, Val 0.9240, Test 0.9040

RUN #9: seed=2048
DOT_PRODUCT
Attention Filter (n=88648): 0.995 +\- 0.005 [0.968-1.000]
Epoch 20:, Train 0.9315, Val 0.9260, Test 0.8990
Epoch 40:, Train 0.9590, Val 0.9320, Test 0.9020
Epoch 60:, Train 0.9829, Val 0.9300, Test 0.9030
Epoch 80:, Train 0.9962, Val 0.9280, Test 0.9020
Epoch 100:, Train 0.9988, Val 0.9180, Test 0.8960
Epoch 120:, Train 0.9999, Val 0.9160, Test 0.9040
Epoch 140:, Train 1.0000, Val 0.9180, Test 0.9050
Epoch 160:, Train 1.0000, Val 0.9220, Test 0.8980
Epoch 180:, Train 1.0000, Val 0.9240, Test 0.9040
Epoch 200:, Train 1.0000, Val 0.9300, Test 0.8960
Epoch 220:, Train 1.0000, Val 0.9220, Test 0.9040
Epoch 240:, Train 1.0000, Val 0.9200, Test 0.9050
Epoch 260:, Train 1.0000, Val 0.9120, Test 0.9010
Epoch 280:, Train 1.0000, Val 0.9120, Test 0.8970
Epoch 300:, Train 1.0000, Val 0.9140, Test 0.9010
BEST: Epoch 40, Train 0.9590, Val 0.9320, Test 0.9020




==================================================
Model Parameters: 4576266

Avg. Preaggregation Time (s): 25.0727 +/- 1.0364
Avg. Training Time (epoch) (s): 1.7223 +/- 0.1606
Avg. Inference Time (s): 0.1827 +/- 0.0118

Avg. Training Acc: 0.9744 +/- 0.0190
Avg. Validation Acc: 0.9312 +/- 0.0042
Avg. Test Acc: 0.9051 +/- 0.0025

==================================================

++++++++++++++++++++++++++++++++++++++++++++++++++++
TOTAL RUNTIME = 1 hours 33 minutes
++++++++++++++++++++++++++++++++++++++++++++++++++++
