Mon 20 Jun 2022 01:15:30 PM CEST
r31n2.lisa.surfsara.nl
uid=55639(jharris) gid=55199(jharris) groups=55199(jharris),46457(lisa_uva_gpu),50488(ssh_forwarding)
/home/jharris/Desktop/approx_attention
/home/jharris/Desktop/approx_attention/venvs/GPU_venv/bin/python

Check if packages installed correctly
Torch: 1.11.0+cu113
PyG: 2.0.4

==================================================
Using backend: pytorch

===== PRODUCTS =====

Namespace(DATASET='products', ATTN_FILTER='sign', EPOCHS=300, EVAL_EVERY=20, RUN_SEEDS=[0, 4, 8, 42, 64, 128, 256, 512, 1024, 2048], HOPS=3, BATCH_SIZE=4096, LEARNING_RATE=0.01, WEIGHT_DECAY=1e-05, INCEPTION_LAYERS=3, INCEPTION_UNITS=1024, CLASSIFICATION_LAYERS=3, CLASSIFICATION_UNITS=1024, FEATURE_DROPOUT=0.1, NODE_DROPOUT=0.4, BATCH_NORMALIZATION=1, ATTN_HEADS=2, ATTN_NORMALIZATION=True, GAT_EPOCHS=10, GAT_BATCH_SIZE=1024, GAT_LEARNING_RATE=0.01, GAT_WEIGHT_DECAY=0.001, GAT_HIDDEN_UNITS=8, GAT_NODE_DROPOUT=0.6, GAT_LAYERS=2, GAT_HEADS_IN=8, GAT_HEADS_OUT=8, GAT_NEIGHBORS=150, GAT_LR_PATIENCE=5)

RUN #0: seed=0
SIGN
Attention Filter (n=123718152): 1.000 +\- 0.001 [1.000-2.000]
Epoch 20:, Train 0.9412, Val 0.9177, Test 0.7506
Epoch 40:, Train 0.9434, Val 0.9211, Test 0.7434
Epoch 60:, Train 0.9430, Val 0.9205, Test 0.7392
Epoch 80:, Train 0.9427, Val 0.9207, Test 0.7460
Epoch 100:, Train 0.9456, Val 0.9212, Test 0.7531
Epoch 120:, Train 0.9450, Val 0.9214, Test 0.7446
Epoch 140:, Train 0.9463, Val 0.9227, Test 0.7421
Epoch 160:, Train 0.9475, Val 0.9221, Test 0.7392
Epoch 180:, Train 0.9483, Val 0.9241, Test 0.7477
Epoch 200:, Train 0.9482, Val 0.9234, Test 0.7402
Epoch 220:, Train 0.9498, Val 0.9236, Test 0.7577
Epoch 240:, Train 0.9492, Val 0.9236, Test 0.7446
Epoch 260:, Train 0.9508, Val 0.9240, Test 0.7524
Epoch 280:, Train 0.9500, Val 0.9232, Test 0.7475
Epoch 300:, Train 0.9484, Val 0.9232, Test 0.7520
BEST: Epoch 180, Train 0.9483, Val 0.9241, Test 0.7477

RUN #1: seed=4
SIGN
Attention Filter (n=123718152): 1.000 +\- 0.001 [1.000-2.000]
Epoch 20:, Train 0.9426, Val 0.9205, Test 0.7440
Epoch 40:, Train 0.9409, Val 0.9174, Test 0.7438
Epoch 60:, Train 0.9441, Val 0.9200, Test 0.7288
Epoch 80:, Train 0.9447, Val 0.9204, Test 0.7647
Epoch 100:, Train 0.9473, Val 0.9202, Test 0.7604
Epoch 120:, Train 0.9454, Val 0.9225, Test 0.7518
Epoch 140:, Train 0.9462, Val 0.9222, Test 0.7547
Epoch 160:, Train 0.9489, Val 0.9238, Test 0.7570
Epoch 180:, Train 0.9489, Val 0.9224, Test 0.7476
Epoch 200:, Train 0.9494, Val 0.9244, Test 0.7665
Epoch 220:, Train 0.9483, Val 0.9213, Test 0.7434
Epoch 240:, Train 0.9503, Val 0.9256, Test 0.7504
Epoch 260:, Train 0.9501, Val 0.9232, Test 0.7576
Epoch 280:, Train 0.9509, Val 0.9241, Test 0.7489
Epoch 300:, Train 0.9504, Val 0.9232, Test 0.7487
BEST: Epoch 240, Train 0.9503, Val 0.9256, Test 0.7504

RUN #2: seed=8
SIGN
Attention Filter (n=123718152): 1.000 +\- 0.001 [1.000-2.000]
Epoch 20:, Train 0.9399, Val 0.9172, Test 0.7406
Epoch 40:, Train 0.9434, Val 0.9207, Test 0.7358
Epoch 60:, Train 0.9446, Val 0.9217, Test 0.7608
Epoch 80:, Train 0.9456, Val 0.9224, Test 0.7518
Epoch 100:, Train 0.9422, Val 0.9191, Test 0.7275
Epoch 120:, Train 0.9463, Val 0.9236, Test 0.7609
Epoch 140:, Train 0.9454, Val 0.9207, Test 0.7558
Epoch 160:, Train 0.9478, Val 0.9207, Test 0.7491
Epoch 180:, Train 0.9494, Val 0.9235, Test 0.7486
Epoch 200:, Train 0.9492, Val 0.9239, Test 0.7558
Epoch 220:, Train 0.9489, Val 0.9252, Test 0.7488
Epoch 240:, Train 0.9494, Val 0.9208, Test 0.7431
Epoch 260:, Train 0.9504, Val 0.9234, Test 0.7478
Epoch 280:, Train 0.9506, Val 0.9252, Test 0.7512
Epoch 300:, Train 0.9517, Val 0.9255, Test 0.7685
BEST: Epoch 300, Train 0.9517, Val 0.9255, Test 0.7685

RUN #3: seed=42
SIGN
Attention Filter (n=123718152): 1.000 +\- 0.001 [1.000-2.000]
Epoch 20:, Train 0.9412, Val 0.9172, Test 0.7404
Epoch 40:, Train 0.9450, Val 0.9192, Test 0.7542
Epoch 60:, Train 0.9446, Val 0.9220, Test 0.7436
Epoch 80:, Train 0.9432, Val 0.9186, Test 0.7488
Epoch 100:, Train 0.9453, Val 0.9221, Test 0.7377
Epoch 120:, Train 0.9463, Val 0.9206, Test 0.7559
Epoch 140:, Train 0.9451, Val 0.9234, Test 0.7441
Epoch 160:, Train 0.9472, Val 0.9210, Test 0.7454
Epoch 180:, Train 0.9486, Val 0.9230, Test 0.7530
Epoch 200:, Train 0.9499, Val 0.9246, Test 0.7374
Epoch 220:, Train 0.9501, Val 0.9240, Test 0.7472
Epoch 240:, Train 0.9490, Val 0.9240, Test 0.7654
Epoch 260:, Train 0.9486, Val 0.9229, Test 0.7556
Epoch 280:, Train 0.9505, Val 0.9251, Test 0.7527
Epoch 300:, Train 0.9503, Val 0.9229, Test 0.7478
BEST: Epoch 280, Train 0.9505, Val 0.9251, Test 0.7527

RUN #4: seed=64
SIGN
Attention Filter (n=123718152): 1.000 +\- 0.001 [1.000-2.000]
Epoch 20:, Train 0.9412, Val 0.9178, Test 0.7327
Epoch 40:, Train 0.9463, Val 0.9213, Test 0.7539
Epoch 60:, Train 0.9426, Val 0.9202, Test 0.7598
Epoch 80:, Train 0.9442, Val 0.9205, Test 0.7384
Epoch 100:, Train 0.9446, Val 0.9210, Test 0.7309
Epoch 120:, Train 0.9431, Val 0.9215, Test 0.7502
Epoch 140:, Train 0.9465, Val 0.9214, Test 0.7455
Epoch 160:, Train 0.9463, Val 0.9229, Test 0.7445
Epoch 180:, Train 0.9485, Val 0.9226, Test 0.7545
Epoch 200:, Train 0.9494, Val 0.9221, Test 0.7432
Epoch 220:, Train 0.9498, Val 0.9251, Test 0.7584
Epoch 240:, Train 0.9496, Val 0.9233, Test 0.7506
Epoch 260:, Train 0.9493, Val 0.9230, Test 0.7500
Epoch 280:, Train 0.9505, Val 0.9235, Test 0.7490
Epoch 300:, Train 0.9482, Val 0.9229, Test 0.7550
BEST: Epoch 220, Train 0.9498, Val 0.9251, Test 0.7584

RUN #5: seed=128
SIGN
Attention Filter (n=123718152): 1.000 +\- 0.001 [1.000-2.000]
Epoch 20:, Train 0.9403, Val 0.9197, Test 0.7466
Epoch 40:, Train 0.9428, Val 0.9224, Test 0.7433
Epoch 60:, Train 0.9442, Val 0.9221, Test 0.7508
Epoch 80:, Train 0.9458, Val 0.9230, Test 0.7547
Epoch 100:, Train 0.9442, Val 0.9194, Test 0.7493
Epoch 120:, Train 0.9451, Val 0.9215, Test 0.7430
Epoch 140:, Train 0.9463, Val 0.9199, Test 0.7296
Epoch 160:, Train 0.9485, Val 0.9230, Test 0.7498
Epoch 180:, Train 0.9476, Val 0.9216, Test 0.7485
Epoch 200:, Train 0.9487, Val 0.9241, Test 0.7507
Epoch 220:, Train 0.9495, Val 0.9231, Test 0.7624
Epoch 240:, Train 0.9505, Val 0.9236, Test 0.7635
Epoch 260:, Train 0.9509, Val 0.9245, Test 0.7536
Epoch 280:, Train 0.9516, Val 0.9246, Test 0.7560
Epoch 300:, Train 0.9505, Val 0.9242, Test 0.7562
BEST: Epoch 280, Train 0.9516, Val 0.9246, Test 0.7560

RUN #6: seed=256
SIGN
Attention Filter (n=123718152): 1.000 +\- 0.001 [1.000-2.000]
Epoch 20:, Train 0.9431, Val 0.9219, Test 0.7516
Epoch 40:, Train 0.9435, Val 0.9208, Test 0.7404
Epoch 60:, Train 0.9455, Val 0.9216, Test 0.7528
Epoch 80:, Train 0.9432, Val 0.9212, Test 0.7527
Epoch 100:, Train 0.9441, Val 0.9209, Test 0.7304
Epoch 120:, Train 0.9454, Val 0.9209, Test 0.7309
Epoch 140:, Train 0.9471, Val 0.9242, Test 0.7645
Epoch 160:, Train 0.9482, Val 0.9244, Test 0.7570
Epoch 180:, Train 0.9491, Val 0.9234, Test 0.7660
Epoch 200:, Train 0.9480, Val 0.9229, Test 0.7548
Epoch 220:, Train 0.9488, Val 0.9226, Test 0.7469
Epoch 240:, Train 0.9497, Val 0.9251, Test 0.7553
Epoch 260:, Train 0.9509, Val 0.9231, Test 0.7528
Epoch 280:, Train 0.9481, Val 0.9191, Test 0.7253
Epoch 300:, Train 0.9495, Val 0.9240, Test 0.7588
BEST: Epoch 240, Train 0.9497, Val 0.9251, Test 0.7553

RUN #7: seed=512
SIGN
Attention Filter (n=123718152): 1.000 +\- 0.001 [1.000-2.000]
Epoch 20:, Train 0.9409, Val 0.9195, Test 0.7240
Epoch 40:, Train 0.9445, Val 0.9214, Test 0.7431
Epoch 60:, Train 0.9434, Val 0.9189, Test 0.7388
Epoch 80:, Train 0.9441, Val 0.9199, Test 0.7443
Epoch 100:, Train 0.9455, Val 0.9218, Test 0.7274
Epoch 120:, Train 0.9473, Val 0.9222, Test 0.7357
Epoch 140:, Train 0.9468, Val 0.9234, Test 0.7552
Epoch 160:, Train 0.9480, Val 0.9223, Test 0.7438
Epoch 180:, Train 0.9498, Val 0.9231, Test 0.7424
Epoch 200:, Train 0.9495, Val 0.9237, Test 0.7505
Epoch 220:, Train 0.9491, Val 0.9239, Test 0.7535
Epoch 240:, Train 0.9497, Val 0.9256, Test 0.7507
Epoch 260:, Train 0.9494, Val 0.9235, Test 0.7551
Epoch 280:, Train 0.9512, Val 0.9240, Test 0.7556
Epoch 300:, Train 0.9506, Val 0.9245, Test 0.7550
BEST: Epoch 240, Train 0.9497, Val 0.9256, Test 0.7507

RUN #8: seed=1024
SIGN
Attention Filter (n=123718152): 1.000 +\- 0.001 [1.000-2.000]
Epoch 20:, Train 0.9405, Val 0.9203, Test 0.7563
Epoch 40:, Train 0.9423, Val 0.9203, Test 0.7451
Epoch 60:, Train 0.9437, Val 0.9205, Test 0.7598
Epoch 80:, Train 0.9439, Val 0.9206, Test 0.7492
Epoch 100:, Train 0.9453, Val 0.9208, Test 0.7376
Epoch 120:, Train 0.9449, Val 0.9207, Test 0.7245
Epoch 140:, Train 0.9462, Val 0.9223, Test 0.7376
Epoch 160:, Train 0.9427, Val 0.9180, Test 0.7412
Epoch 180:, Train 0.9477, Val 0.9228, Test 0.7461
Epoch 200:, Train 0.9495, Val 0.9248, Test 0.7563
Epoch 220:, Train 0.9480, Val 0.9233, Test 0.7302
Epoch 240:, Train 0.9495, Val 0.9254, Test 0.7569
Epoch 260:, Train 0.9492, Val 0.9232, Test 0.7456
Epoch 280:, Train 0.9504, Val 0.9235, Test 0.7630
Epoch 300:, Train 0.9503, Val 0.9244, Test 0.7660
BEST: Epoch 240, Train 0.9495, Val 0.9254, Test 0.7569

RUN #9: seed=2048
SIGN
Attention Filter (n=123718152): 1.000 +\- 0.001 [1.000-2.000]
Epoch 20:, Train 0.9392, Val 0.9125, Test 0.7133
Epoch 40:, Train 0.9443, Val 0.9216, Test 0.7470
Epoch 60:, Train 0.9464, Val 0.9210, Test 0.7490
Epoch 80:, Train 0.9412, Val 0.9167, Test 0.7301
Epoch 100:, Train 0.9442, Val 0.9196, Test 0.7406
Epoch 120:, Train 0.9452, Val 0.9215, Test 0.7500
Epoch 140:, Train 0.9470, Val 0.9215, Test 0.7457
Epoch 160:, Train 0.9488, Val 0.9234, Test 0.7567
Epoch 180:, Train 0.9474, Val 0.9239, Test 0.7420
Epoch 200:, Train 0.9482, Val 0.9225, Test 0.7554
Epoch 220:, Train 0.9482, Val 0.9199, Test 0.7463
Epoch 240:, Train 0.9502, Val 0.9233, Test 0.7571
Epoch 260:, Train 0.9500, Val 0.9231, Test 0.7563
Epoch 280:, Train 0.9511, Val 0.9252, Test 0.7607
Epoch 300:, Train 0.9506, Val 0.9242, Test 0.7636
BEST: Epoch 280, Train 0.9511, Val 0.9252, Test 0.7607




==================================================
Model Parameters: 14124085

Avg. Preaggregation Time (s): 108.6250 +/- 0.4848
Avg. Training Time (epoch) (s): 4.3713 +/- 0.0585
Avg. Inference Time (s): 1.3276 +/- 0.0171

Avg. Training Acc: 0.9502 +/- 0.0010
Avg. Validation Acc: 0.9251 +/- 0.0004
Avg. Test Acc: 0.7557 +/- 0.0057

==================================================

++++++++++++++++++++++++++++++++++++++++++++++++++++
TOTAL RUNTIME = 4 hours 52 minutes
++++++++++++++++++++++++++++++++++++++++++++++++++++
