Sun 19 Jun 2022 06:49:50 PM CEST
r30n2.lisa.surfsara.nl
uid=55639(jharris) gid=55199(jharris) groups=55199(jharris),46457(lisa_uva_gpu),50488(ssh_forwarding)
/home/jharris/Desktop/approx_attention
/home/jharris/Desktop/approx_attention/venvs/GPU_venv/bin/python

Check if packages installed correctly
Torch: 1.11.0+cu113
PyG: 2.0.4

==================================================
Using backend: pytorch

===== ARXIV =====

Namespace(DATASET='arxiv', ATTN_FILTER='dot_product', EPOCHS=300, EVAL_EVERY=20, RUN_SEEDS=[0, 4, 8, 42, 64, 128, 256, 512, 1024, 2048], HOPS=2, BATCH_SIZE=16384, LEARNING_RATE=0.001, WEIGHT_DECAY=0.0001, INCEPTION_LAYERS=3, INCEPTION_UNITS=1024, CLASSIFICATION_LAYERS=3, CLASSIFICATION_UNITS=1024, FEATURE_DROPOUT=0.0, NODE_DROPOUT=0.3, BATCH_NORMALIZATION=1, ATTN_HEADS=1, ATTN_NORMALIZATION=1, GAT_EPOCHS=10, GAT_BATCH_SIZE=1024, GAT_LEARNING_RATE=0.01, GAT_WEIGHT_DECAY=0.001, GAT_HIDDEN_UNITS=8, GAT_NODE_DROPOUT=0.6, GAT_LAYERS=2, GAT_HEADS_IN=8, GAT_HEADS_OUT=8, GAT_NEIGHBORS=150, GAT_LR_PATIENCE=5)

RUN #0: seed=0
DOT_PRODUCT
Attention Filter (n=1166243): 0.864 +\- 0.100 [0.256-1.000]
Batch: 16384, 0.003956794738769531s
Batch: 16384, 0.0019071102142333984s
Batch: 16384, 0.0018041133880615234s
Batch: 16384, 0.001832723617553711s
Batch: 16384, 0.0018885135650634766s
Batch: 16384, 0.0018486976623535156s
Batch: 16384, 0.0018360614776611328s
Batch: 16384, 0.0018768310546875s
Batch: 16384, 0.001893758773803711s
Batch: 16384, 0.001848459243774414s
Batch: 5503, 0.0018413066864013672s
Epoch 20:, Train 0.6722, Val 0.6280, Test 0.5751
Batch: 16384, 0.003916263580322266s
Batch: 16384, 0.0019278526306152344s
Batch: 16384, 0.001964092254638672s
Batch: 16384, 0.0018503665924072266s
Batch: 16384, 0.0018227100372314453s
Batch: 16384, 0.001882791519165039s
Batch: 16384, 0.001897573471069336s
Batch: 16384, 0.0018565654754638672s
Batch: 16384, 0.0017893314361572266s
Batch: 16384, 0.0018458366394042969s
Batch: 5503, 0.0017914772033691406s
Epoch 40:, Train 0.8160, Val 0.6367, Test 0.5851
Batch: 16384, 0.003856182098388672s
Batch: 16384, 0.0018589496612548828s
Batch: 16384, 0.0018491744995117188s
Batch: 16384, 0.0018076896667480469s
Batch: 16384, 0.001850128173828125s
Batch: 16384, 0.001873016357421875s
Batch: 16384, 0.0018429756164550781s
Batch: 16384, 0.0018486976623535156s
Batch: 16384, 0.001840829849243164s
Batch: 16384, 0.0017838478088378906s
Batch: 5503, 0.001773834228515625s
Epoch 60:, Train 0.9391, Val 0.6335, Test 0.5796
Batch: 16384, 0.0038902759552001953s
Batch: 16384, 0.0018694400787353516s
Batch: 16384, 0.0018548965454101562s
Batch: 16384, 0.0018148422241210938s
Batch: 16384, 0.0018131732940673828s
Batch: 16384, 0.0018641948699951172s
Batch: 16384, 0.0018312931060791016s
Batch: 16384, 0.0018727779388427734s
Batch: 16384, 0.001886606216430664s
Batch: 16384, 0.002006053924560547s
Batch: 5503, 0.0019555091857910156s
Epoch 80:, Train 0.9778, Val 0.6277, Test 0.5730
Batch: 16384, 0.0039577484130859375s
Batch: 16384, 0.001980304718017578s
Batch: 16384, 0.002025604248046875s
Batch: 16384, 0.0018634796142578125s
Batch: 16384, 0.0018413066864013672s
Batch: 16384, 0.0019638538360595703s
Batch: 16384, 0.0018627643585205078s
Batch: 16384, 0.0018801689147949219s
Batch: 16384, 0.0018689632415771484s
Batch: 16384, 0.001828908920288086s
Batch: 5503, 0.0019919872283935547s
Epoch 100:, Train 0.9918, Val 0.6304, Test 0.5742
Batch: 16384, 0.003894329071044922s
Batch: 16384, 0.0018308162689208984s
Batch: 16384, 0.0018200874328613281s
Batch: 16384, 0.0018389225006103516s
Batch: 16384, 0.0017995834350585938s
Batch: 16384, 0.0018568038940429688s
Batch: 16384, 0.0018701553344726562s
Batch: 16384, 0.001809835433959961s
Batch: 16384, 0.001821756362915039s
Batch: 16384, 0.001787424087524414s
Batch: 5503, 0.001821279525756836s
Epoch 120:, Train 0.9958, Val 0.6227, Test 0.5657
Batch: 16384, 0.003872394561767578s
Batch: 16384, 0.0018546581268310547s
Batch: 16384, 0.0018613338470458984s
Batch: 16384, 0.0018188953399658203s
Batch: 16384, 0.0018253326416015625s
Batch: 16384, 0.0018362998962402344s
Batch: 16384, 0.0018494129180908203s
Batch: 16384, 0.0018391609191894531s
Batch: 16384, 0.0018362998962402344s
Batch: 16384, 0.0018048286437988281s
Batch: 5503, 0.0017802715301513672s
Epoch 140:, Train 0.9969, Val 0.6304, Test 0.5756
Batch: 16384, 0.003868579864501953s
Batch: 16384, 0.0018801689147949219s
Batch: 16384, 0.001863241195678711s
Batch: 16384, 0.0018498897552490234s
Batch: 16384, 0.0018107891082763672s
Batch: 16384, 0.0018165111541748047s
Batch: 16384, 0.0018351078033447266s
Batch: 16384, 0.0018143653869628906s
Batch: 16384, 0.001970529556274414s
Batch: 16384, 0.0018343925476074219s
Batch: 5503, 0.0018787384033203125s
Epoch 160:, Train 0.9980, Val 0.6229, Test 0.5648
Batch: 16384, 0.003893136978149414s
Batch: 16384, 0.0018625259399414062s
Batch: 16384, 0.0024652481079101562s
Batch: 16384, 0.0018355846405029297s
Batch: 16384, 0.0018470287322998047s
Batch: 16384, 0.0018427371978759766s
Batch: 16384, 0.0018610954284667969s
Batch: 16384, 0.0018303394317626953s
Batch: 16384, 0.0018222332000732422s
Batch: 16384, 0.0018641948699951172s
Batch: 5503, 0.0018146038055419922s
Epoch 180:, Train 0.9986, Val 0.6272, Test 0.5717
Batch: 16384, 0.003940105438232422s
Batch: 16384, 0.0018568038940429688s
Batch: 16384, 0.001825094223022461s
Batch: 16384, 0.001878499984741211s
Batch: 16384, 0.0018739700317382812s
Batch: 16384, 0.0018630027770996094s
Batch: 16384, 0.0018336772918701172s
Batch: 16384, 0.0018329620361328125s
Batch: 16384, 0.0018324851989746094s
Batch: 16384, 0.0018138885498046875s
Batch: 5503, 0.001794576644897461s
Epoch 200:, Train 0.9989, Val 0.6286, Test 0.5723
Batch: 16384, 0.003931999206542969s
Batch: 16384, 0.0018639564514160156s
Batch: 16384, 0.0018515586853027344s
Batch: 16384, 0.0019364356994628906s
Batch: 16384, 0.0019097328186035156s
Batch: 16384, 0.001882314682006836s
Batch: 16384, 0.0018243789672851562s
Batch: 16384, 0.0018341541290283203s
Batch: 16384, 0.0018968582153320312s
Batch: 16384, 0.0018229484558105469s
Batch: 5503, 0.0018048286437988281s
Epoch 220:, Train 0.9987, Val 0.6248, Test 0.5656
Batch: 16384, 0.003961086273193359s
Batch: 16384, 0.0019750595092773438s
Batch: 16384, 0.0018525123596191406s
Batch: 16384, 0.0018362998962402344s
Batch: 16384, 0.001840829849243164s
Batch: 16384, 0.0019092559814453125s
Batch: 16384, 0.0018546581268310547s
Batch: 16384, 0.0018451213836669922s
Batch: 16384, 0.0018799304962158203s
Batch: 16384, 0.0018153190612792969s
Batch: 5503, 0.0017986297607421875s
Epoch 240:, Train 0.9991, Val 0.6282, Test 0.5712
Batch: 16384, 0.004328727722167969s
Batch: 16384, 0.0018565654754638672s
Batch: 16384, 0.001791238784790039s
Batch: 16384, 0.0018486976623535156s
Batch: 16384, 0.0018587112426757812s
Batch: 16384, 0.007879018783569336s
Batch: 16384, 0.001859903335571289s
Batch: 16384, 0.0018353462219238281s
Batch: 16384, 0.0018596649169921875s
Batch: 16384, 0.0018322467803955078s
Batch: 5503, 0.0017991065979003906s
Epoch 260:, Train 0.9992, Val 0.6296, Test 0.5729
Batch: 16384, 0.003970146179199219s
Batch: 16384, 0.0018808841705322266s
Batch: 16384, 0.0018291473388671875s
Batch: 16384, 0.0018472671508789062s
Batch: 16384, 0.0018260478973388672s
Batch: 16384, 0.0018885135650634766s
Batch: 16384, 0.0018935203552246094s
Batch: 16384, 0.0018303394317626953s
Batch: 16384, 0.0018279552459716797s
Batch: 16384, 0.0018153190612792969s
Batch: 5503, 0.0017833709716796875s
Epoch 280:, Train 0.9991, Val 0.6314, Test 0.5752
Batch: 16384, 0.0038895606994628906s
Batch: 16384, 0.0018756389617919922s
Batch: 16384, 0.002029895782470703s
Batch: 16384, 0.0018198490142822266s
Batch: 16384, 0.002002239227294922s
Batch: 16384, 0.0018763542175292969s
Batch: 16384, 0.0018608570098876953s
Batch: 16384, 0.0018582344055175781s
Batch: 16384, 0.0018932819366455078s
Batch: 16384, 0.0018346309661865234s
Batch: 5503, 0.001811981201171875s
Epoch 300:, Train 0.9994, Val 0.6275, Test 0.5671
BEST: Epoch 40, Train 0.8160, Val 0.6367, Test 0.5851

RUN #1: seed=4
DOT_PRODUCT
Attention Filter (n=1166243): 0.872 +\- 0.093 [0.203-1.000]
Batch: 16384, 0.003942966461181641s
Batch: 16384, 0.0018765926361083984s
Batch: 16384, 0.00180816650390625s
Batch: 16384, 0.0019073486328125s
Batch: 16384, 0.0261843204498291s
Batch: 16384, 0.0019223690032958984s
Batch: 16384, 0.0018775463104248047s
Batch: 16384, 0.0018849372863769531s
Batch: 16384, 0.0018584728240966797s
Batch: 16384, 0.0018315315246582031s
Batch: 5503, 0.0020279884338378906s
Epoch 20:, Train 0.6779, Val 0.6325, Test 0.5842
Batch: 16384, 0.004541635513305664s
Batch: 16384, 0.0018570423126220703s
Batch: 16384, 0.0018167495727539062s
Batch: 16384, 0.0018868446350097656s
Batch: 16384, 0.001918792724609375s
Batch: 16384, 0.0018837451934814453s
Batch: 16384, 0.0018725395202636719s
Batch: 16384, 0.0018756389617919922s
Batch: 16384, 0.00185394287109375s
Batch: 16384, 0.0018053054809570312s
Batch: 5503, 0.0019397735595703125s
Epoch 40:, Train 0.8210, Val 0.6401, Test 0.5808
Batch: 16384, 0.0040874481201171875s
Batch: 16384, 0.0018663406372070312s
Batch: 16384, 0.0018627643585205078s
Batch: 16384, 0.0018618106842041016s
Batch: 16384, 0.0018680095672607422s
Batch: 16384, 0.001905679702758789s
Batch: 16384, 0.002007007598876953s
Batch: 16384, 0.0018777847290039062s
Batch: 16384, 0.001871347427368164s
Batch: 16384, 0.0018429756164550781s
Batch: 5503, 0.001978635787963867s
Epoch 60:, Train 0.9404, Val 0.6269, Test 0.5628
Batch: 16384, 0.0039768218994140625s
Batch: 16384, 0.0018908977508544922s
Batch: 16384, 0.0020322799682617188s
Batch: 16384, 0.0018661022186279297s
Batch: 16384, 0.0019009113311767578s
Batch: 16384, 0.001917123794555664s
Batch: 16384, 0.0018687248229980469s
Batch: 16384, 0.0018568038940429688s
Batch: 16384, 0.0018472671508789062s
Batch: 16384, 0.0018413066864013672s
Batch: 5503, 0.0018315315246582031s
Epoch 80:, Train 0.9804, Val 0.6326, Test 0.5777
Batch: 16384, 0.003959178924560547s
Batch: 16384, 0.0018756389617919922s
Batch: 16384, 0.0019102096557617188s
Batch: 16384, 0.001886129379272461s
Batch: 16384, 0.001837015151977539s
Batch: 16384, 0.001936197280883789s
Batch: 16384, 0.0018868446350097656s
Batch: 16384, 0.0018725395202636719s
Batch: 16384, 0.0018596649169921875s
Batch: 16384, 0.0018131732940673828s
Batch: 5503, 0.001825094223022461s
Epoch 100:, Train 0.9916, Val 0.6328, Test 0.5811
Batch: 16384, 0.0046465396881103516s
Batch: 16384, 0.0018992424011230469s
Batch: 16384, 0.0018718242645263672s
Batch: 16384, 0.0018887519836425781s
Batch: 16384, 0.0018723011016845703s
Batch: 16384, 0.0018818378448486328s
Batch: 16384, 0.0018677711486816406s
Batch: 16384, 0.0018987655639648438s
Batch: 16384, 0.0018846988677978516s
Batch: 16384, 0.0018165111541748047s
Batch: 5503, 0.0018312931060791016s
Epoch 120:, Train 0.9949, Val 0.6301, Test 0.5699
Batch: 16384, 0.0046253204345703125s
Batch: 16384, 0.0020520687103271484s
Batch: 16384, 0.001986265182495117s
Batch: 16384, 0.0018968582153320312s
Batch: 16384, 0.001880645751953125s
Batch: 16384, 0.0018587112426757812s
Batch: 16384, 0.0018768310546875s
Batch: 16384, 0.0018548965454101562s
Batch: 16384, 0.0018625259399414062s
Batch: 16384, 0.0018067359924316406s
Batch: 5503, 0.0019817352294921875s
Epoch 140:, Train 0.9975, Val 0.6311, Test 0.5761
Batch: 16384, 0.004593849182128906s
Batch: 16384, 0.001856088638305664s
Batch: 16384, 0.0018341541290283203s
Batch: 16384, 0.0018482208251953125s
Batch: 16384, 0.0019202232360839844s
Batch: 16384, 0.001859903335571289s
Batch: 16384, 0.0018754005432128906s
Batch: 16384, 0.0018579959869384766s
Batch: 16384, 0.001857757568359375s
Batch: 16384, 0.0018086433410644531s
Batch: 5503, 0.0018496513366699219s
Epoch 160:, Train 0.9981, Val 0.6304, Test 0.5757
Batch: 16384, 0.004556179046630859s
Batch: 16384, 0.001870870590209961s
Batch: 16384, 0.0018811225891113281s
Batch: 16384, 0.001867532730102539s
Batch: 16384, 0.0018472671508789062s
Batch: 16384, 0.0018839836120605469s
Batch: 16384, 0.0018546581268310547s
Batch: 16384, 0.001878976821899414s
Batch: 16384, 0.0019991397857666016s
Batch: 16384, 0.0018436908721923828s
Batch: 5503, 0.0019032955169677734s
Epoch 180:, Train 0.9985, Val 0.6310, Test 0.5757
Batch: 16384, 0.004113197326660156s
Batch: 16384, 0.0019445419311523438s
Batch: 16384, 0.0018546581268310547s
Batch: 16384, 0.001889944076538086s
Batch: 16384, 0.0018432140350341797s
Batch: 16384, 0.0025069713592529297s
Batch: 16384, 0.0018177032470703125s
Batch: 16384, 0.0018868446350097656s
Batch: 16384, 0.0018956661224365234s
Batch: 16384, 0.0018315315246582031s
Batch: 5503, 0.0018930435180664062s
Epoch 200:, Train 0.9987, Val 0.6323, Test 0.5728
Batch: 16384, 0.004034519195556641s
Batch: 16384, 0.0018818378448486328s
Batch: 16384, 0.0018606185913085938s
Batch: 16384, 0.0018794536590576172s
Batch: 16384, 0.0019109249114990234s
Batch: 16384, 0.0018968582153320312s
Batch: 16384, 0.0018644332885742188s
Batch: 16384, 0.001873016357421875s
Batch: 16384, 0.0018696784973144531s
Batch: 16384, 0.0018284320831298828s
Batch: 5503, 0.0018601417541503906s
Epoch 220:, Train 0.9988, Val 0.6257, Test 0.5715
Batch: 16384, 0.0039882659912109375s
Batch: 16384, 0.0018379688262939453s
Batch: 16384, 0.0019309520721435547s
Batch: 16384, 0.0019237995147705078s
Batch: 16384, 0.0018835067749023438s
Batch: 16384, 0.0018808841705322266s
Batch: 16384, 0.0018486976623535156s
Batch: 16384, 0.0018320083618164062s
Batch: 16384, 0.0018680095672607422s
Batch: 16384, 0.0018241405487060547s
Batch: 5503, 0.0018489360809326172s
Epoch 240:, Train 0.9991, Val 0.6290, Test 0.5738
Batch: 16384, 0.004031658172607422s
Batch: 16384, 0.0019881725311279297s
Batch: 16384, 0.002011537551879883s
Batch: 16384, 0.0018947124481201172s
Batch: 16384, 0.0019040107727050781s
Batch: 16384, 0.0019104480743408203s
Batch: 16384, 0.0018856525421142578s
Batch: 16384, 0.0018448829650878906s
Batch: 16384, 0.0018620491027832031s
Batch: 16384, 0.0018336772918701172s
Batch: 5503, 0.00188446044921875s
Epoch 260:, Train 0.9992, Val 0.6297, Test 0.5710
Batch: 16384, 0.0046956539154052734s
Batch: 16384, 0.0020482540130615234s
Batch: 16384, 0.0018148422241210938s
Batch: 16384, 0.0018906593322753906s
Batch: 16384, 0.001909494400024414s
Batch: 16384, 0.0019047260284423828s
Batch: 16384, 0.001878976821899414s
Batch: 16384, 0.0018477439880371094s
Batch: 16384, 0.0018486976623535156s
Batch: 16384, 0.0018241405487060547s
Batch: 5503, 0.0020215511322021484s
Epoch 280:, Train 0.9991, Val 0.6289, Test 0.5699
Batch: 16384, 0.0046389102935791016s
Batch: 16384, 0.0018801689147949219s
Batch: 16384, 0.001813650131225586s
Batch: 16384, 0.0018277168273925781s
Batch: 16384, 0.0018684864044189453s
Batch: 16384, 0.0018601417541503906s
Batch: 16384, 0.0018465518951416016s
Batch: 16384, 0.0018687248229980469s
Batch: 16384, 0.0018322467803955078s
Batch: 16384, 0.0018312931060791016s
Batch: 5503, 0.0018696784973144531s
Epoch 300:, Train 0.9992, Val 0.6276, Test 0.5715
BEST: Epoch 40, Train 0.8210, Val 0.6401, Test 0.5808

RUN #2: seed=8
DOT_PRODUCT
Attention Filter (n=1166243): 0.851 +\- 0.109 [0.210-1.000]
Batch: 16384, 0.003858804702758789s
Batch: 16384, 0.0018744468688964844s
Batch: 16384, 0.0018544197082519531s
Batch: 16384, 0.0018794536590576172s
Batch: 16384, 0.0018825531005859375s
Batch: 16384, 0.0018801689147949219s
Batch: 16384, 0.0018768310546875s
Batch: 16384, 0.0018613338470458984s
Batch: 16384, 0.0018126964569091797s
Batch: 16384, 0.0018587112426757812s
Batch: 5503, 0.0018694400787353516s
Epoch 20:, Train 0.6730, Val 0.6331, Test 0.5839
Batch: 16384, 0.003850698471069336s
Batch: 16384, 0.0018568038940429688s
Batch: 16384, 0.0018801689147949219s
Batch: 16384, 0.0018413066864013672s
Batch: 16384, 0.0018756389617919922s
Batch: 16384, 0.0019087791442871094s
Batch: 16384, 0.0018792152404785156s
Batch: 16384, 0.001867532730102539s
Batch: 16384, 0.0018427371978759766s
Batch: 16384, 0.0018429756164550781s
Batch: 5503, 0.001827239990234375s
Epoch 40:, Train 0.8145, Val 0.6373, Test 0.5811
Batch: 16384, 0.00385284423828125s
Batch: 16384, 0.0019297599792480469s
Batch: 16384, 0.0018372535705566406s
Batch: 16384, 0.001813650131225586s
Batch: 16384, 0.001924753189086914s
Batch: 16384, 0.001888275146484375s
Batch: 16384, 0.0018758773803710938s
Batch: 16384, 0.001901388168334961s
Batch: 16384, 0.0018534660339355469s
Batch: 16384, 0.0017979145050048828s
Batch: 5503, 0.0018455982208251953s
Epoch 60:, Train 0.9408, Val 0.6378, Test 0.5840
Batch: 16384, 0.004045963287353516s
Batch: 16384, 0.001905202865600586s
Batch: 16384, 0.0018889904022216797s
Batch: 16384, 0.0017919540405273438s
Batch: 16384, 0.0018761157989501953s
Batch: 16384, 0.0019025802612304688s
Batch: 16384, 0.0018379688262939453s
Batch: 16384, 0.0018618106842041016s
Batch: 16384, 0.0018990039825439453s
Batch: 16384, 0.0018458366394042969s
Batch: 5503, 0.0018310546875s
Epoch 80:, Train 0.9827, Val 0.6301, Test 0.5704
Batch: 16384, 0.003909587860107422s
Batch: 16384, 0.0018780231475830078s
Batch: 16384, 0.001870870590209961s
Batch: 16384, 0.0018489360809326172s
Batch: 16384, 0.001898050308227539s
Batch: 16384, 0.0019240379333496094s
Batch: 16384, 0.0018591880798339844s
Batch: 16384, 0.0018825531005859375s
Batch: 16384, 0.0018739700317382812s
Batch: 16384, 0.0018749237060546875s
Batch: 5503, 0.00191497802734375s
Epoch 100:, Train 0.9925, Val 0.6326, Test 0.5787
Batch: 16384, 0.0037877559661865234s
Batch: 16384, 0.0018737316131591797s
Batch: 16384, 0.0019800662994384766s
Batch: 16384, 0.0019190311431884766s
Batch: 16384, 0.0018703937530517578s
Batch: 16384, 0.0018842220306396484s
Batch: 16384, 0.0018711090087890625s
Batch: 16384, 0.0020368099212646484s
Batch: 16384, 0.0018944740295410156s
Batch: 16384, 0.0018498897552490234s
Batch: 5503, 0.0018858909606933594s
Epoch 120:, Train 0.9963, Val 0.6332, Test 0.5777
Batch: 16384, 0.0039899349212646484s
Batch: 16384, 0.0019140243530273438s
Batch: 16384, 0.0018939971923828125s
Batch: 16384, 0.0018622875213623047s
Batch: 16384, 0.0018646717071533203s
Batch: 16384, 0.0018906593322753906s
Batch: 16384, 0.0019905567169189453s
Batch: 16384, 0.0018467903137207031s
Batch: 16384, 0.0018773078918457031s
Batch: 16384, 0.002012968063354492s
Batch: 5503, 0.0018601417541503906s
Epoch 140:, Train 0.9974, Val 0.6298, Test 0.5727
Batch: 16384, 0.004537343978881836s
Batch: 16384, 0.0018582344055175781s
Batch: 16384, 0.0018639564514160156s
Batch: 16384, 0.0019016265869140625s
Batch: 16384, 0.0018887519836425781s
Batch: 16384, 0.0018622875213623047s
Batch: 16384, 0.0018630027770996094s
Batch: 16384, 0.0018732547760009766s
Batch: 16384, 0.0018758773803710938s
Batch: 16384, 0.0018584728240966797s
Batch: 5503, 0.001961231231689453s
Epoch 160:, Train 0.9982, Val 0.6302, Test 0.5783
Batch: 16384, 0.003851175308227539s
Batch: 16384, 0.0018854141235351562s
Batch: 16384, 0.001856088638305664s
Batch: 16384, 0.0018825531005859375s
Batch: 16384, 0.0018796920776367188s
Batch: 16384, 0.0018618106842041016s
Batch: 16384, 0.0018262863159179688s
Batch: 16384, 0.0019156932830810547s
Batch: 16384, 0.0018525123596191406s
Batch: 16384, 0.0018939971923828125s
Batch: 5503, 0.0018317699432373047s
Epoch 180:, Train 0.9986, Val 0.6276, Test 0.5745
Batch: 16384, 0.0045125484466552734s
Batch: 16384, 0.0018782615661621094s
Batch: 16384, 0.0018682479858398438s
Batch: 16384, 0.0018491744995117188s
Batch: 16384, 0.0018939971923828125s
Batch: 16384, 0.0018608570098876953s
Batch: 16384, 0.0018498897552490234s
Batch: 16384, 0.0018336772918701172s
Batch: 16384, 0.0018494129180908203s
Batch: 16384, 0.0018801689147949219s
Batch: 5503, 0.0018336772918701172s
Epoch 200:, Train 0.9989, Val 0.6292, Test 0.5738
Batch: 16384, 0.00391697883605957s
Batch: 16384, 0.0018775463104248047s
Batch: 16384, 0.0018672943115234375s
Batch: 16384, 0.0018460750579833984s
Batch: 16384, 0.0018873214721679688s
Batch: 16384, 0.0019104480743408203s
Batch: 16384, 0.0018384456634521484s
Batch: 16384, 0.0019066333770751953s
Batch: 16384, 0.0018341541290283203s
Batch: 16384, 0.001873016357421875s
Batch: 5503, 0.0018053054809570312s
Epoch 220:, Train 0.9991, Val 0.6301, Test 0.5714
Batch: 16384, 0.0038781166076660156s
Batch: 16384, 0.0018513202667236328s
Batch: 16384, 0.0018804073333740234s
Batch: 16384, 0.0018608570098876953s
Batch: 16384, 0.018176794052124023s
Batch: 16384, 0.0018968582153320312s
Batch: 16384, 0.0018835067749023438s
Batch: 16384, 0.0018224716186523438s
Batch: 16384, 0.001844167709350586s
Batch: 16384, 0.0018811225891113281s
Batch: 5503, 0.0018529891967773438s
Epoch 240:, Train 0.9990, Val 0.6298, Test 0.5702
Batch: 16384, 0.003883838653564453s
Batch: 16384, 0.00186920166015625s
Batch: 16384, 0.002030611038208008s
Batch: 16384, 0.0020694732666015625s
Batch: 16384, 0.0018939971923828125s
Batch: 16384, 0.0018754005432128906s
Batch: 16384, 0.0018584728240966797s
Batch: 16384, 0.0018475055694580078s
Batch: 16384, 0.0018973350524902344s
Batch: 16384, 0.0020253658294677734s
Batch: 5503, 0.001972675323486328s
Epoch 260:, Train 0.9991, Val 0.6279, Test 0.5716
Batch: 16384, 0.0040094852447509766s
Batch: 16384, 0.0018570423126220703s
Batch: 16384, 0.001833200454711914s
Batch: 16384, 0.0018360614776611328s
Batch: 16384, 0.0018796920776367188s
Batch: 16384, 0.0018506050109863281s
Batch: 16384, 0.0018725395202636719s
Batch: 16384, 0.001856088638305664s
Batch: 16384, 0.0018270015716552734s
Batch: 16384, 0.0018613338470458984s
Batch: 5503, 0.0018451213836669922s
Epoch 280:, Train 0.9993, Val 0.6292, Test 0.5718
Batch: 16384, 0.003913402557373047s
Batch: 16384, 0.0018918514251708984s
Batch: 16384, 0.001848459243774414s
Batch: 16384, 0.0018110275268554688s
Batch: 16384, 0.0018684864044189453s
Batch: 16384, 0.0018949508666992188s
Batch: 16384, 0.0018463134765625s
Batch: 16384, 0.0019001960754394531s
Batch: 16384, 0.0018384456634521484s
Batch: 16384, 0.0018079280853271484s
Batch: 5503, 0.0018138885498046875s
Epoch 300:, Train 0.9994, Val 0.6336, Test 0.5735
BEST: Epoch 60, Train 0.9408, Val 0.6378, Test 0.5840

RUN #3: seed=42
DOT_PRODUCT
Attention Filter (n=1166243): 0.851 +\- 0.109 [0.270-1.000]
Batch: 16384, 0.004450798034667969s
Batch: 16384, 0.0018780231475830078s
Batch: 16384, 0.0018315315246582031s
Batch: 16384, 0.0018863677978515625s
Batch: 16384, 0.0018801689147949219s
Batch: 16384, 0.0018622875213623047s
Batch: 16384, 0.0018968582153320312s
Batch: 16384, 0.0018873214721679688s
Batch: 16384, 0.002006053924560547s
Batch: 16384, 0.0018000602722167969s
Batch: 5503, 0.0018792152404785156s
Epoch 20:, Train 0.6782, Val 0.6349, Test 0.5851
Batch: 16384, 0.004524707794189453s
Batch: 16384, 0.0018587112426757812s
Batch: 16384, 0.0018682479858398438s
Batch: 16384, 0.001827239990234375s
Batch: 16384, 0.001903533935546875s
Batch: 16384, 0.0018978118896484375s
Batch: 16384, 0.0018579959869384766s
Batch: 16384, 0.0018627643585205078s
Batch: 16384, 0.0018553733825683594s
Batch: 16384, 0.0021805763244628906s
Batch: 5503, 0.0019283294677734375s
Epoch 40:, Train 0.8214, Val 0.6351, Test 0.5833
Batch: 16384, 0.00524139404296875s
Batch: 16384, 0.0018677711486816406s
Batch: 16384, 0.0019114017486572266s
Batch: 16384, 0.0018489360809326172s
Batch: 16384, 0.0019259452819824219s
Batch: 16384, 0.0018916130065917969s
Batch: 16384, 0.0018649101257324219s
Batch: 16384, 0.0019114017486572266s
Batch: 16384, 0.0019915103912353516s
Batch: 16384, 0.0018763542175292969s
Batch: 5503, 0.0018420219421386719s
Epoch 60:, Train 0.9421, Val 0.6309, Test 0.5759
Batch: 16384, 0.00475311279296875s
Batch: 16384, 0.0019016265869140625s
Batch: 16384, 0.0018832683563232422s
Batch: 16384, 0.0018565654754638672s
Batch: 16384, 0.0018854141235351562s
Batch: 16384, 0.01749444007873535s
Batch: 16384, 0.001898050308227539s
Batch: 16384, 0.002083301544189453s
Batch: 16384, 0.002054929733276367s
Batch: 16384, 0.0018427371978759766s
Batch: 5503, 0.0018470287322998047s
Epoch 80:, Train 0.9800, Val 0.6298, Test 0.5764
Batch: 16384, 0.004543304443359375s
Batch: 16384, 0.0019409656524658203s
Batch: 16384, 0.001867055892944336s
Batch: 16384, 0.0018646717071533203s
Batch: 16384, 0.0019233226776123047s
Batch: 16384, 0.0018935203552246094s
Batch: 16384, 0.0019078254699707031s
Batch: 16384, 0.0018978118896484375s
Batch: 16384, 0.0018413066864013672s
Batch: 16384, 0.0018253326416015625s
Batch: 5503, 0.0018379688262939453s
Epoch 100:, Train 0.9921, Val 0.6248, Test 0.5721
Batch: 16384, 0.004495382308959961s
Batch: 16384, 0.001878976821899414s
Batch: 16384, 0.0019085407257080078s
Batch: 16384, 0.001847982406616211s
Batch: 16384, 0.001840353012084961s
Batch: 16384, 0.001850128173828125s
Batch: 16384, 0.0018458366394042969s
Batch: 16384, 0.0018732547760009766s
Batch: 16384, 0.0018603801727294922s
Batch: 16384, 0.0018291473388671875s
Batch: 5503, 0.0018453598022460938s
Epoch 120:, Train 0.9958, Val 0.6263, Test 0.5720
Batch: 16384, 0.0045318603515625s
Batch: 16384, 0.0018818378448486328s
Batch: 16384, 0.0018727779388427734s
Batch: 16384, 0.0018749237060546875s
Batch: 16384, 0.0019252300262451172s
Batch: 16384, 0.0018639564514160156s
Batch: 16384, 0.0018765926361083984s
Batch: 16384, 0.0018870830535888672s
Batch: 16384, 0.0018494129180908203s
Batch: 16384, 0.0018477439880371094s
Batch: 5503, 0.0018582344055175781s
Epoch 140:, Train 0.9974, Val 0.6241, Test 0.5746
Batch: 16384, 0.004639387130737305s
Batch: 16384, 0.0018644332885742188s
Batch: 16384, 0.0019025802612304688s
Batch: 16384, 0.0018794536590576172s
Batch: 16384, 0.0018875598907470703s
Batch: 16384, 0.0018525123596191406s
Batch: 16384, 0.0018491744995117188s
Batch: 16384, 0.0018763542175292969s
Batch: 16384, 0.0018510818481445312s
Batch: 16384, 0.0018279552459716797s
Batch: 5503, 0.0018668174743652344s
Epoch 160:, Train 0.9979, Val 0.6263, Test 0.5653
Batch: 16384, 0.004562854766845703s
Batch: 16384, 0.0018811225891113281s
Batch: 16384, 0.001986980438232422s
Batch: 16384, 0.0018298625946044922s
Batch: 16384, 0.0018794536590576172s
Batch: 16384, 0.0019183158874511719s
Batch: 16384, 0.001842498779296875s
Batch: 16384, 0.0018680095672607422s
Batch: 16384, 0.001829385757446289s
Batch: 16384, 0.0017895698547363281s
Batch: 5503, 0.0020012855529785156s
Epoch 180:, Train 0.9987, Val 0.6241, Test 0.5672
Batch: 16384, 0.005112171173095703s
Batch: 16384, 0.0018498897552490234s
Batch: 16384, 0.0018634796142578125s
Batch: 16384, 0.0018672943115234375s
Batch: 16384, 0.0019080638885498047s
Batch: 16384, 0.0018401145935058594s
Batch: 16384, 0.0018410682678222656s
Batch: 16384, 0.0018429756164550781s
Batch: 16384, 0.0018799304962158203s
Batch: 16384, 0.0018262863159179688s
Batch: 5503, 0.0018391609191894531s
Epoch 200:, Train 0.9987, Val 0.6232, Test 0.5711
Batch: 16384, 0.0046465396881103516s
Batch: 16384, 0.0018892288208007812s
Batch: 16384, 0.001863241195678711s
Batch: 16384, 0.001939535140991211s
Batch: 16384, 0.0018496513366699219s
Batch: 16384, 0.0018475055694580078s
Batch: 16384, 0.0018782615661621094s
Batch: 16384, 0.0018601417541503906s
Batch: 16384, 0.0018727779388427734s
Batch: 16384, 0.0018198490142822266s
Batch: 5503, 0.0018401145935058594s
Epoch 220:, Train 0.9991, Val 0.6271, Test 0.5742
Batch: 16384, 0.004561185836791992s
Batch: 16384, 0.001850128173828125s
Batch: 16384, 0.0018465518951416016s
Batch: 16384, 0.0018780231475830078s
Batch: 16384, 0.001859426498413086s
Batch: 16384, 0.0018696784973144531s
Batch: 16384, 0.0018846988677978516s
Batch: 16384, 0.0018248558044433594s
Batch: 16384, 0.0018548965454101562s
Batch: 16384, 0.0018281936645507812s
Batch: 5503, 0.0018715858459472656s
Epoch 240:, Train 0.9991, Val 0.6237, Test 0.5738
Batch: 16384, 0.004446506500244141s
Batch: 16384, 0.001870870590209961s
Batch: 16384, 0.0018422603607177734s
Batch: 16384, 0.0018467903137207031s
Batch: 16384, 0.0018787384033203125s
Batch: 16384, 0.0018644332885742188s
Batch: 16384, 0.0018782615661621094s
Batch: 16384, 0.0018448829650878906s
Batch: 16384, 0.0018985271453857422s
Batch: 16384, 0.0018055438995361328s
Batch: 5503, 0.0018570423126220703s
Epoch 260:, Train 0.9991, Val 0.6228, Test 0.5721
Batch: 16384, 0.004602670669555664s
Batch: 16384, 0.0018355846405029297s
Batch: 16384, 0.0018436908721923828s
Batch: 16384, 0.0018396377563476562s
Batch: 16384, 0.0018885135650634766s
Batch: 16384, 0.001857757568359375s
Batch: 16384, 0.0018744468688964844s
Batch: 16384, 0.0018551349639892578s
Batch: 16384, 0.0018465518951416016s
Batch: 16384, 0.0018095970153808594s
Batch: 5503, 0.0018346309661865234s
Epoch 280:, Train 0.9991, Val 0.6216, Test 0.5701
Batch: 16384, 0.004500627517700195s
Batch: 16384, 0.001874685287475586s
Batch: 16384, 0.001878499984741211s
Batch: 16384, 0.0018856525421142578s
Batch: 16384, 0.0018889904022216797s
Batch: 16384, 0.0018315315246582031s
Batch: 16384, 0.001875162124633789s
Batch: 16384, 0.0018274784088134766s
Batch: 16384, 0.0018854141235351562s
Batch: 16384, 0.0018000602722167969s
Batch: 5503, 0.001852273941040039s
Epoch 300:, Train 0.9994, Val 0.6262, Test 0.5703
BEST: Epoch 40, Train 0.8214, Val 0.6351, Test 0.5833

RUN #4: seed=64
DOT_PRODUCT
Attention Filter (n=1166243): 0.863 +\- 0.099 [0.275-1.000]
Batch: 16384, 0.0037949085235595703s
Batch: 16384, 0.0018758773803710938s
Batch: 16384, 0.0018553733825683594s
Batch: 16384, 0.0019061565399169922s
Batch: 16384, 0.0018687248229980469s
Batch: 16384, 0.001863718032836914s
Batch: 16384, 0.001922607421875s
Batch: 16384, 0.0018999576568603516s
Batch: 16384, 0.0018415451049804688s
Batch: 16384, 0.0019648075103759766s
Batch: 5503, 0.0018720626831054688s
Epoch 20:, Train 0.6788, Val 0.6361, Test 0.5910
Batch: 16384, 0.0038514137268066406s
Batch: 16384, 0.0020437240600585938s
Batch: 16384, 0.0018694400787353516s
Batch: 16384, 0.0018837451934814453s
Batch: 16384, 0.0018765926361083984s
Batch: 16384, 0.0018720626831054688s
Batch: 16384, 0.0018832683563232422s
Batch: 16384, 0.0018656253814697266s
Batch: 16384, 0.0018534660339355469s
Batch: 16384, 0.0018401145935058594s
Batch: 5503, 0.0018343925476074219s
Epoch 40:, Train 0.8209, Val 0.6392, Test 0.5887
Batch: 16384, 0.0038008689880371094s
Batch: 16384, 0.0018846988677978516s
Batch: 16384, 0.001874685287475586s
Batch: 16384, 0.0018429756164550781s
Batch: 16384, 0.0018947124481201172s
Batch: 16384, 0.0019290447235107422s
Batch: 16384, 0.0018677711486816406s
Batch: 16384, 0.0018389225006103516s
Batch: 16384, 0.0018553733825683594s
Batch: 16384, 0.0018458366394042969s
Batch: 5503, 0.0018057823181152344s
Epoch 60:, Train 0.9441, Val 0.6326, Test 0.5820
Batch: 16384, 0.0038099288940429688s
Batch: 16384, 0.0018551349639892578s
Batch: 16384, 0.0018658638000488281s
Batch: 16384, 0.0017964839935302734s
Batch: 16384, 0.0018343925476074219s
Batch: 16384, 0.0018630027770996094s
Batch: 16384, 0.0018472671508789062s
Batch: 16384, 0.0018877983093261719s
Batch: 16384, 0.0019068717956542969s
Batch: 16384, 0.001829385757446289s
Batch: 5503, 0.0018563270568847656s
Epoch 80:, Train 0.9806, Val 0.6259, Test 0.5677
Batch: 16384, 0.003859996795654297s
Batch: 16384, 0.001863718032836914s
Batch: 16384, 0.0018777847290039062s
Batch: 16384, 0.0018999576568603516s
Batch: 16384, 0.0018863677978515625s
Batch: 16384, 0.0018546581268310547s
Batch: 16384, 0.001882791519165039s
Batch: 16384, 0.0019009113311767578s
Batch: 16384, 0.0018582344055175781s
Batch: 16384, 0.001795053482055664s
Batch: 5503, 0.0018198490142822266s
Epoch 100:, Train 0.9911, Val 0.6295, Test 0.5739
Batch: 16384, 0.0038385391235351562s
Batch: 16384, 0.0018849372863769531s
Batch: 16384, 0.001863241195678711s
Batch: 16384, 0.0018432140350341797s
Batch: 16384, 0.0018453598022460938s
Batch: 16384, 0.0018758773803710938s
Batch: 16384, 0.001857757568359375s
Batch: 16384, 0.0018608570098876953s
Batch: 16384, 0.0018608570098876953s
Batch: 16384, 0.0018377304077148438s
Batch: 5503, 0.0018222332000732422s
Epoch 120:, Train 0.9969, Val 0.6254, Test 0.5722
Batch: 16384, 0.003885984420776367s
Batch: 16384, 0.0018496513366699219s
Batch: 16384, 0.0020110607147216797s
Batch: 16384, 0.0019164085388183594s
Batch: 16384, 0.001859426498413086s
Batch: 16384, 0.0018050670623779297s
Batch: 16384, 0.0018758773803710938s
Batch: 16384, 0.0018961429595947266s
Batch: 16384, 0.0018491744995117188s
Batch: 16384, 0.0018329620361328125s
Batch: 5503, 0.0017998218536376953s
Epoch 140:, Train 0.9973, Val 0.6255, Test 0.5720
Batch: 16384, 0.0038962364196777344s
Batch: 16384, 0.0018687248229980469s
Batch: 16384, 0.001863718032836914s
Batch: 16384, 0.0018732547760009766s
Batch: 16384, 0.0018689632415771484s
Batch: 16384, 0.0018262863159179688s
Batch: 16384, 0.001867055892944336s
Batch: 16384, 0.001863241195678711s
Batch: 16384, 0.001871347427368164s
Batch: 16384, 0.001867055892944336s
Batch: 5503, 0.001859903335571289s
Epoch 160:, Train 0.9981, Val 0.6280, Test 0.5761
Batch: 16384, 0.003804922103881836s
Batch: 16384, 0.0018391609191894531s
Batch: 16384, 0.0018527507781982422s
Batch: 16384, 0.001882791519165039s
Batch: 16384, 0.002035856246948242s
Batch: 16384, 0.001898050308227539s
Batch: 16384, 0.001857757568359375s
Batch: 16384, 0.0018796920776367188s
Batch: 16384, 0.0018711090087890625s
Batch: 16384, 0.0018267631530761719s
Batch: 5503, 0.001840829849243164s
Epoch 180:, Train 0.9986, Val 0.6232, Test 0.5738
Batch: 16384, 0.003892660140991211s
Batch: 16384, 0.0018591880798339844s
Batch: 16384, 0.0018429756164550781s
Batch: 16384, 0.0018458366394042969s
Batch: 16384, 0.0019042491912841797s
Batch: 16384, 0.0018663406372070312s
Batch: 16384, 0.001850128173828125s
Batch: 16384, 0.0018672943115234375s
Batch: 16384, 0.0018656253814697266s
Batch: 16384, 0.0018773078918457031s
Batch: 5503, 0.0018236637115478516s
Epoch 200:, Train 0.9989, Val 0.6218, Test 0.5605
Batch: 16384, 0.0038366317749023438s
Batch: 16384, 0.0018472671508789062s
Batch: 16384, 0.0018463134765625s
Batch: 16384, 0.0018472671508789062s
Batch: 16384, 0.0018889904022216797s
Batch: 16384, 0.0019223690032958984s
Batch: 16384, 0.0018661022186279297s
Batch: 16384, 0.001844167709350586s
Batch: 16384, 0.0018415451049804688s
Batch: 16384, 0.0018680095672607422s
Batch: 5503, 0.0018093585968017578s
Epoch 220:, Train 0.9989, Val 0.6226, Test 0.5665
Batch: 16384, 0.003907680511474609s
Batch: 16384, 0.0018849372863769531s
Batch: 16384, 0.0019071102142333984s
Batch: 16384, 0.0018999576568603516s
Batch: 16384, 0.0018908977508544922s
Batch: 16384, 0.0020532608032226562s
Batch: 16384, 0.0018627643585205078s
Batch: 16384, 0.0018496513366699219s
Batch: 16384, 0.0018689632415771484s
Batch: 16384, 0.0018303394317626953s
Batch: 5503, 0.0018241405487060547s
Epoch 240:, Train 0.9991, Val 0.6240, Test 0.5782
Batch: 16384, 0.003899097442626953s
Batch: 16384, 0.0018701553344726562s
Batch: 16384, 0.001840353012084961s
Batch: 16384, 0.0020096302032470703s
Batch: 16384, 0.0018765926361083984s
Batch: 16384, 0.0018644332885742188s
Batch: 16384, 0.0018699169158935547s
Batch: 16384, 0.001859426498413086s
Batch: 16384, 0.0018644332885742188s
Batch: 16384, 0.0019562244415283203s
Batch: 5503, 0.0018165111541748047s
Epoch 260:, Train 0.9991, Val 0.6228, Test 0.5682
Batch: 16384, 0.003958940505981445s
Batch: 16384, 0.0018794536590576172s
Batch: 16384, 0.0018894672393798828s
Batch: 16384, 0.0018725395202636719s
Batch: 16384, 0.001917123794555664s
Batch: 16384, 0.0019092559814453125s
Batch: 16384, 0.0018639564514160156s
Batch: 16384, 0.0018763542175292969s
Batch: 16384, 0.0018355846405029297s
Batch: 16384, 0.0018389225006103516s
Batch: 5503, 0.0018124580383300781s
Epoch 280:, Train 0.9992, Val 0.6247, Test 0.5771
Batch: 16384, 0.0038394927978515625s
Batch: 16384, 0.0018737316131591797s
Batch: 16384, 0.0018475055694580078s
Batch: 16384, 0.0018754005432128906s
Batch: 16384, 0.0018477439880371094s
Batch: 16384, 0.0018956661224365234s
Batch: 16384, 0.001871347427368164s
Batch: 16384, 0.0018513202667236328s
Batch: 16384, 0.01795363426208496s
Batch: 16384, 0.0018775463104248047s
Batch: 5503, 0.0018379688262939453s
Epoch 300:, Train 0.9994, Val 0.6285, Test 0.5753
BEST: Epoch 40, Train 0.8209, Val 0.6392, Test 0.5887

RUN #5: seed=128
DOT_PRODUCT
Attention Filter (n=1166243): 0.876 +\- 0.092 [0.280-1.000]
Batch: 16384, 0.003854513168334961s
Batch: 16384, 0.0019283294677734375s
Batch: 16384, 0.0018723011016845703s
Batch: 16384, 0.0019102096557617188s
Batch: 16384, 0.001897573471069336s
Batch: 16384, 0.0018625259399414062s
Batch: 16384, 0.0018799304962158203s
Batch: 16384, 0.0018668174743652344s
Batch: 16384, 0.0018608570098876953s
Batch: 16384, 0.0018076896667480469s
Batch: 5503, 0.0018541812896728516s
Epoch 20:, Train 0.6727, Val 0.6332, Test 0.5869
Batch: 16384, 0.003854036331176758s
Batch: 16384, 0.0018553733825683594s
Batch: 16384, 0.0018351078033447266s
Batch: 16384, 0.0018701553344726562s
Batch: 16384, 0.0018906593322753906s
Batch: 16384, 0.001856088638305664s
Batch: 16384, 0.0019578933715820312s
Batch: 16384, 0.0018455982208251953s
Batch: 16384, 0.001832723617553711s
Batch: 16384, 0.002473592758178711s
Batch: 5503, 0.0018229484558105469s
Epoch 40:, Train 0.8096, Val 0.6396, Test 0.5885
Batch: 16384, 0.0038847923278808594s
Batch: 16384, 0.0018353462219238281s
Batch: 16384, 0.0018687248229980469s
Batch: 16384, 0.0018584728240966797s
Batch: 16384, 0.0018727779388427734s
Batch: 16384, 0.0018410682678222656s
Batch: 16384, 0.0018665790557861328s
Batch: 16384, 0.0018296241760253906s
Batch: 16384, 0.0018510818481445312s
Batch: 16384, 0.001775503158569336s
Batch: 5503, 0.0018267631530761719s
Epoch 60:, Train 0.9384, Val 0.6338, Test 0.5841
Batch: 16384, 0.003835439682006836s
Batch: 16384, 0.0018570423126220703s
Batch: 16384, 0.0018534660339355469s
Batch: 16384, 0.0018694400787353516s
Batch: 16384, 0.0018384456634521484s
Batch: 16384, 0.0019123554229736328s
Batch: 16384, 0.0018854141235351562s
Batch: 16384, 0.0018734931945800781s
Batch: 16384, 0.001895904541015625s
Batch: 16384, 0.0018017292022705078s
Batch: 5503, 0.0018334388732910156s
Epoch 80:, Train 0.9800, Val 0.6286, Test 0.5775
Batch: 16384, 0.0038442611694335938s
Batch: 16384, 0.0018620491027832031s
Batch: 16384, 0.0018634796142578125s
Batch: 16384, 0.001880645751953125s
Batch: 16384, 0.0019788742065429688s
Batch: 16384, 0.0019023418426513672s
Batch: 16384, 0.0018362998962402344s
Batch: 16384, 0.0018146038055419922s
Batch: 16384, 0.0018458366394042969s
Batch: 16384, 0.0018427371978759766s
Batch: 5503, 0.0018002986907958984s
Epoch 100:, Train 0.9919, Val 0.6281, Test 0.5731
Batch: 16384, 0.004024505615234375s
Batch: 16384, 0.001863241195678711s
Batch: 16384, 0.0018355846405029297s
Batch: 16384, 0.002015829086303711s
Batch: 16384, 0.0018305778503417969s
Batch: 16384, 0.0018947124481201172s
Batch: 16384, 0.0018832683563232422s
Batch: 16384, 0.0018291473388671875s
Batch: 16384, 0.0018718242645263672s
Batch: 16384, 0.0018317699432373047s
Batch: 5503, 0.0018427371978759766s
Epoch 120:, Train 0.9952, Val 0.6307, Test 0.5791
Batch: 16384, 0.0038259029388427734s
Batch: 16384, 0.0018396377563476562s
Batch: 16384, 0.001878976821899414s
Batch: 16384, 0.0018749237060546875s
Batch: 16384, 0.0018656253814697266s
Batch: 16384, 0.0018367767333984375s
Batch: 16384, 0.001842498779296875s
Batch: 16384, 0.0018825531005859375s
Batch: 16384, 0.0018248558044433594s
Batch: 16384, 0.0018460750579833984s
Batch: 5503, 0.0018794536590576172s
Epoch 140:, Train 0.9972, Val 0.6310, Test 0.5754
Batch: 16384, 0.0044667720794677734s
Batch: 16384, 0.0018434524536132812s
Batch: 16384, 0.0018241405487060547s
Batch: 16384, 0.001851797103881836s
Batch: 16384, 0.0019235610961914062s
Batch: 16384, 0.0017993450164794922s
Batch: 16384, 0.0018680095672607422s
Batch: 16384, 0.0019054412841796875s
Batch: 16384, 0.001842498779296875s
Batch: 16384, 0.001840353012084961s
Batch: 5503, 0.0018129348754882812s
Epoch 160:, Train 0.9977, Val 0.6286, Test 0.5754
Batch: 16384, 0.003868579864501953s
Batch: 16384, 0.001847982406616211s
Batch: 16384, 0.0018491744995117188s
Batch: 16384, 0.0018773078918457031s
Batch: 16384, 0.0018439292907714844s
Batch: 16384, 0.0018558502197265625s
Batch: 16384, 0.0018568038940429688s
Batch: 16384, 0.001903533935546875s
Batch: 16384, 0.0018625259399414062s
Batch: 16384, 0.0018084049224853516s
Batch: 5503, 0.0018439292907714844s
Epoch 180:, Train 0.9985, Val 0.6281, Test 0.5700
Batch: 16384, 0.0038967132568359375s
Batch: 16384, 0.001857757568359375s
Batch: 16384, 0.0018427371978759766s
Batch: 16384, 0.00189971923828125s
Batch: 16384, 0.0019032955169677734s
Batch: 16384, 0.0018534660339355469s
Batch: 16384, 0.00188446044921875s
Batch: 16384, 0.0018732547760009766s
Batch: 16384, 0.0018765926361083984s
Batch: 16384, 0.00246429443359375s
Batch: 5503, 0.0018520355224609375s
Epoch 200:, Train 0.9989, Val 0.6305, Test 0.5752
Batch: 16384, 0.004214286804199219s
Batch: 16384, 0.0018794536590576172s
Batch: 16384, 0.0018689632415771484s
Batch: 16384, 0.0019180774688720703s
Batch: 16384, 0.001922607421875s
Batch: 16384, 0.001873016357421875s
Batch: 16384, 0.0018584728240966797s
Batch: 16384, 0.001817941665649414s
Batch: 16384, 0.0018208026885986328s
Batch: 16384, 0.0018465518951416016s
Batch: 5503, 0.0018305778503417969s
Epoch 220:, Train 0.9990, Val 0.6272, Test 0.5752
Batch: 16384, 0.00413966178894043s
Batch: 16384, 0.0018372535705566406s
Batch: 16384, 0.001821279525756836s
Batch: 16384, 0.0019328594207763672s
Batch: 16384, 0.0018837451934814453s
Batch: 16384, 0.0018658638000488281s
Batch: 16384, 0.0020093917846679688s
Batch: 16384, 0.0018744468688964844s
Batch: 16384, 0.0020105838775634766s
Batch: 16384, 0.0018486976623535156s
Batch: 5503, 0.0018262863159179688s
Epoch 240:, Train 0.9992, Val 0.6274, Test 0.5736
Batch: 16384, 0.0041351318359375s
Batch: 16384, 0.0018620491027832031s
Batch: 16384, 0.0018131732940673828s
Batch: 16384, 0.0018918514251708984s
Batch: 16384, 0.0018568038940429688s
Batch: 16384, 0.001867055892944336s
Batch: 16384, 0.001909017562866211s
Batch: 16384, 0.0018608570098876953s
Batch: 16384, 0.0018401145935058594s
Batch: 16384, 0.00182342529296875s
Batch: 5503, 0.0018563270568847656s
Epoch 260:, Train 0.9993, Val 0.6307, Test 0.5769
Batch: 16384, 0.0041806697845458984s
Batch: 16384, 0.0018837451934814453s
Batch: 16384, 0.0018324851989746094s
Batch: 16384, 0.0019218921661376953s
Batch: 16384, 0.0019488334655761719s
Batch: 16384, 0.0018601417541503906s
Batch: 16384, 0.0018661022186279297s
Batch: 16384, 0.0018641948699951172s
Batch: 16384, 0.00185394287109375s
Batch: 16384, 0.0019016265869140625s
Batch: 5503, 0.0018620491027832031s
Epoch 280:, Train 0.9994, Val 0.6287, Test 0.5749
Batch: 16384, 0.004214048385620117s
Batch: 16384, 0.0018947124481201172s
Batch: 16384, 0.0018534660339355469s
Batch: 16384, 0.0018601417541503906s
Batch: 16384, 0.0018813610076904297s
Batch: 16384, 0.0018482208251953125s
Batch: 16384, 0.0019915103912353516s
Batch: 16384, 0.0018842220306396484s
Batch: 16384, 0.0020096302032470703s
Batch: 16384, 0.0018837451934814453s
Batch: 5503, 0.0018990039825439453s
Epoch 300:, Train 0.9993, Val 0.6307, Test 0.5728
BEST: Epoch 40, Train 0.8096, Val 0.6396, Test 0.5885

RUN #6: seed=256
DOT_PRODUCT
Attention Filter (n=1166243): 0.864 +\- 0.098 [0.294-1.000]
Batch: 16384, 0.003977537155151367s
Batch: 16384, 0.0018563270568847656s
Batch: 16384, 0.0018463134765625s
Batch: 16384, 0.0018761157989501953s
Batch: 16384, 0.0018830299377441406s
Batch: 16384, 0.001882791519165039s
Batch: 16384, 0.0018684864044189453s
Batch: 16384, 0.001882314682006836s
Batch: 16384, 0.001984834671020508s
Batch: 16384, 0.0020139217376708984s
Batch: 5503, 0.0018928050994873047s
Epoch 20:, Train 0.6750, Val 0.6315, Test 0.5850
Batch: 16384, 0.0040395259857177734s
Batch: 16384, 0.0018687248229980469s
Batch: 16384, 0.0018649101257324219s
Batch: 16384, 0.001836538314819336s
Batch: 16384, 0.0018723011016845703s
Batch: 16384, 0.0018963813781738281s
Batch: 16384, 0.0018923282623291016s
Batch: 16384, 0.0018656253814697266s
Batch: 16384, 0.0019888877868652344s
Batch: 16384, 0.0018396377563476562s
Batch: 5503, 0.0018534660339355469s
Epoch 40:, Train 0.8219, Val 0.6353, Test 0.5833
Batch: 16384, 0.004077434539794922s
Batch: 16384, 0.0018754005432128906s
Batch: 16384, 0.0018427371978759766s
Batch: 16384, 0.001859903335571289s
Batch: 16384, 0.0018641948699951172s
Batch: 16384, 0.0018765926361083984s
Batch: 16384, 0.0018894672393798828s
Batch: 16384, 0.0018990039825439453s
Batch: 16384, 0.0018589496612548828s
Batch: 16384, 0.0018498897552490234s
Batch: 5503, 0.0018813610076904297s
Epoch 60:, Train 0.9411, Val 0.6330, Test 0.5785
Batch: 16384, 0.004007577896118164s
Batch: 16384, 0.0018451213836669922s
Batch: 16384, 0.001920461654663086s
Batch: 16384, 0.0019073486328125s
Batch: 16384, 0.0018668174743652344s
Batch: 16384, 0.0018384456634521484s
Batch: 16384, 0.0018582344055175781s
Batch: 16384, 0.0018804073333740234s
Batch: 16384, 0.0018401145935058594s
Batch: 16384, 0.0018508434295654297s
Batch: 5503, 0.0018634796142578125s
Epoch 80:, Train 0.9803, Val 0.6303, Test 0.5730
Batch: 16384, 0.004050731658935547s
Batch: 16384, 0.0018322467803955078s
Batch: 16384, 0.001873016357421875s
Batch: 16384, 0.0018846988677978516s
Batch: 16384, 0.0018546581268310547s
Batch: 16384, 0.0018689632415771484s
Batch: 16384, 0.0018742084503173828s
Batch: 16384, 0.0018553733825683594s
Batch: 16384, 0.0018565654754638672s
Batch: 16384, 0.0018725395202636719s
Batch: 5503, 0.0018835067749023438s
Epoch 100:, Train 0.9921, Val 0.6284, Test 0.5734
Batch: 16384, 0.0040149688720703125s
Batch: 16384, 0.0018804073333740234s
Batch: 16384, 0.0018486976623535156s
Batch: 16384, 0.0018687248229980469s
Batch: 16384, 0.001850128173828125s
Batch: 16384, 0.0018422603607177734s
Batch: 16384, 0.0018222332000732422s
Batch: 16384, 0.0018990039825439453s
Batch: 16384, 0.00186920166015625s
Batch: 16384, 0.001865386962890625s
Batch: 5503, 0.0018563270568847656s
Epoch 120:, Train 0.9962, Val 0.6303, Test 0.5741
Batch: 16384, 0.004041910171508789s
Batch: 16384, 0.0018918514251708984s
Batch: 16384, 0.0019481182098388672s
Batch: 16384, 0.002035379409790039s
Batch: 16384, 0.0018455982208251953s
Batch: 16384, 0.001842498779296875s
Batch: 16384, 0.0018491744995117188s
Batch: 16384, 0.0018801689147949219s
Batch: 16384, 0.001874685287475586s
Batch: 16384, 0.0019023418426513672s
Batch: 5503, 0.0018572807312011719s
Epoch 140:, Train 0.9972, Val 0.6307, Test 0.5731
Batch: 16384, 0.004010677337646484s
Batch: 16384, 0.0018558502197265625s
Batch: 16384, 0.0018553733825683594s
Batch: 16384, 0.0018544197082519531s
Batch: 16384, 0.0018916130065917969s
Batch: 16384, 0.0018455982208251953s
Batch: 16384, 0.0018351078033447266s
Batch: 16384, 0.001912832260131836s
Batch: 16384, 0.0018601417541503906s
Batch: 16384, 0.0019092559814453125s
Batch: 5503, 0.0018651485443115234s
Epoch 160:, Train 0.9983, Val 0.6264, Test 0.5720
Batch: 16384, 0.004026174545288086s
Batch: 16384, 0.0018694400787353516s
Batch: 16384, 0.0018711090087890625s
Batch: 16384, 0.0020227432250976562s
Batch: 16384, 0.0018756389617919922s
Batch: 16384, 0.0018503665924072266s
Batch: 16384, 0.001832723617553711s
Batch: 16384, 0.0018510818481445312s
Batch: 16384, 0.0018362998962402344s
Batch: 16384, 0.0018508434295654297s
Batch: 5503, 0.0018537044525146484s
Epoch 180:, Train 0.9985, Val 0.6294, Test 0.5734
Batch: 16384, 0.004029989242553711s
Batch: 16384, 0.0018436908721923828s
Batch: 16384, 0.0018298625946044922s
Batch: 16384, 0.0018551349639892578s
Batch: 16384, 0.0019032955169677734s
Batch: 16384, 0.0018525123596191406s
Batch: 16384, 0.0018787384033203125s
Batch: 16384, 0.0018587112426757812s
Batch: 16384, 0.0018761157989501953s
Batch: 16384, 0.0018362998962402344s
Batch: 5503, 0.0018572807312011719s
Epoch 200:, Train 0.9989, Val 0.6295, Test 0.5770
Batch: 16384, 0.004627704620361328s
Batch: 16384, 0.0018491744995117188s
Batch: 16384, 0.0018935203552246094s
Batch: 16384, 0.0018393993377685547s
Batch: 16384, 0.0018787384033203125s
Batch: 16384, 0.0018723011016845703s
Batch: 16384, 0.0018508434295654297s
Batch: 16384, 0.0018699169158935547s
Batch: 16384, 0.0018646717071533203s
Batch: 16384, 0.0018663406372070312s
Batch: 5503, 0.001874685287475586s
Epoch 220:, Train 0.9990, Val 0.6306, Test 0.5754
Batch: 16384, 0.004227161407470703s
Batch: 16384, 0.0018537044525146484s
Batch: 16384, 0.0020017623901367188s
Batch: 16384, 0.0018548965454101562s
Batch: 16384, 0.0020313262939453125s
Batch: 16384, 0.001836538314819336s
Batch: 16384, 0.0018448829650878906s
Batch: 16384, 0.001821279525756836s
Batch: 16384, 0.0018618106842041016s
Batch: 16384, 0.0018630027770996094s
Batch: 5503, 0.0018596649169921875s
Epoch 240:, Train 0.9991, Val 0.6264, Test 0.5714
Batch: 16384, 0.004197359085083008s
Batch: 16384, 0.0018932819366455078s
Batch: 16384, 0.0018744468688964844s
Batch: 16384, 0.0019252300262451172s
Batch: 16384, 0.0018701553344726562s
Batch: 16384, 0.018075942993164062s
Batch: 16384, 0.0019023418426513672s
Batch: 16384, 0.0018718242645263672s
Batch: 16384, 0.0018343925476074219s
Batch: 16384, 0.0018723011016845703s
Batch: 5503, 0.001857757568359375s
Epoch 260:, Train 0.9992, Val 0.6258, Test 0.5707
Batch: 16384, 0.0040247440338134766s
Batch: 16384, 0.0018770694732666016s
Batch: 16384, 0.0018224716186523438s
Batch: 16384, 0.001821756362915039s
Batch: 16384, 0.0018815994262695312s
Batch: 16384, 0.001855611801147461s
Batch: 16384, 0.001859426498413086s
Batch: 16384, 0.0018818378448486328s
Batch: 16384, 0.0018382072448730469s
Batch: 16384, 0.0018651485443115234s
Batch: 5503, 0.0018694400787353516s
Epoch 280:, Train 0.9994, Val 0.6291, Test 0.5695
Batch: 16384, 0.0040645599365234375s
Batch: 16384, 0.001886606216430664s
Batch: 16384, 0.0018308162689208984s
Batch: 16384, 0.0018198490142822266s
Batch: 16384, 0.0018808841705322266s
Batch: 16384, 0.001848459243774414s
Batch: 16384, 0.0018355846405029297s
Batch: 16384, 0.0018579959869384766s
Batch: 16384, 0.001829385757446289s
Batch: 16384, 0.00189208984375s
Batch: 5503, 0.0018584728240966797s
Epoch 300:, Train 0.9994, Val 0.6255, Test 0.5681
BEST: Epoch 40, Train 0.8219, Val 0.6353, Test 0.5833

RUN #7: seed=512
DOT_PRODUCT
Attention Filter (n=1166243): 0.858 +\- 0.102 [0.269-1.000]
Batch: 16384, 0.004682779312133789s
Batch: 16384, 0.00186920166015625s
Batch: 16384, 0.0018277168273925781s
Batch: 16384, 0.0018782615661621094s
Batch: 16384, 0.0025205612182617188s
Batch: 16384, 0.0018689632415771484s
Batch: 16384, 0.0018641948699951172s
Batch: 16384, 0.0018794536590576172s
Batch: 16384, 0.0018312931060791016s
Batch: 16384, 0.0018575191497802734s
Batch: 5503, 0.0018651485443115234s
Epoch 20:, Train 0.6789, Val 0.6321, Test 0.5790
Batch: 16384, 0.004642486572265625s
Batch: 16384, 0.0018901824951171875s
Batch: 16384, 0.0018775463104248047s
Batch: 16384, 0.0018417835235595703s
Batch: 16384, 0.0018696784973144531s
Batch: 16384, 0.001867055892944336s
Batch: 16384, 0.0018782615661621094s
Batch: 16384, 0.001821279525756836s
Batch: 16384, 0.0018503665924072266s
Batch: 16384, 0.0018165111541748047s
Batch: 5503, 0.0018734931945800781s
Epoch 40:, Train 0.8238, Val 0.6405, Test 0.5881
Batch: 16384, 0.004632472991943359s
Batch: 16384, 0.0019311904907226562s
Batch: 16384, 0.0018796920776367188s
Batch: 16384, 0.0018496513366699219s
Batch: 16384, 0.0019114017486572266s
Batch: 16384, 0.0018854141235351562s
Batch: 16384, 0.0018811225891113281s
Batch: 16384, 0.001847982406616211s
Batch: 16384, 0.0018680095672607422s
Batch: 16384, 0.0017664432525634766s
Batch: 5503, 0.0018715858459472656s
Epoch 60:, Train 0.9424, Val 0.6341, Test 0.5789
Batch: 16384, 0.004580259323120117s
Batch: 16384, 0.01799774169921875s
Batch: 16384, 0.001878499984741211s
Batch: 16384, 0.0018792152404785156s
Batch: 16384, 0.001898050308227539s
Batch: 16384, 0.001859903335571289s
Batch: 16384, 0.0018644332885742188s
Batch: 16384, 0.0018842220306396484s
Batch: 16384, 0.0018694400787353516s
Batch: 16384, 0.0018200874328613281s
Batch: 5503, 0.0018451213836669922s
Epoch 80:, Train 0.9808, Val 0.6310, Test 0.5774
Batch: 16384, 0.004722118377685547s
Batch: 16384, 0.0019078254699707031s
Batch: 16384, 0.0018596649169921875s
Batch: 16384, 0.0018901824951171875s
Batch: 16384, 0.0018923282623291016s
Batch: 16384, 0.001880645751953125s
Batch: 16384, 0.0019207000732421875s
Batch: 16384, 0.002010822296142578s
Batch: 16384, 0.0019838809967041016s
Batch: 16384, 0.0018603801727294922s
Batch: 5503, 0.0018503665924072266s
Epoch 100:, Train 0.9911, Val 0.6295, Test 0.5707
Batch: 16384, 0.00485539436340332s
Batch: 16384, 0.0018851757049560547s
Batch: 16384, 0.001850128173828125s
Batch: 16384, 0.0018978118896484375s
Batch: 16384, 0.0018672943115234375s
Batch: 16384, 0.0018100738525390625s
Batch: 16384, 0.0018460750579833984s
Batch: 16384, 0.0018177032470703125s
Batch: 16384, 0.001855611801147461s
Batch: 16384, 0.00183868408203125s
Batch: 5503, 0.0017826557159423828s
Epoch 120:, Train 0.9966, Val 0.6271, Test 0.5669
Batch: 16384, 0.004701137542724609s
Batch: 16384, 0.0018765926361083984s
Batch: 16384, 0.0018892288208007812s
Batch: 16384, 0.00186920166015625s
Batch: 16384, 0.0018885135650634766s
Batch: 16384, 0.0018396377563476562s
Batch: 16384, 0.0018954277038574219s
Batch: 16384, 0.0018723011016845703s
Batch: 16384, 0.0018787384033203125s
Batch: 16384, 0.0019998550415039062s
Batch: 5503, 0.0019867420196533203s
Epoch 140:, Train 0.9976, Val 0.6328, Test 0.5765
Batch: 16384, 0.004027366638183594s
Batch: 16384, 0.0018532276153564453s
Batch: 16384, 0.0018711090087890625s
Batch: 16384, 0.0018880367279052734s
Batch: 16384, 0.0018956661224365234s
Batch: 16384, 0.0018377304077148438s
Batch: 16384, 0.0018589496612548828s
Batch: 16384, 0.0018346309661865234s
Batch: 16384, 0.001931905746459961s
Batch: 16384, 0.0018851757049560547s
Batch: 5503, 0.0018372535705566406s
Epoch 160:, Train 0.9983, Val 0.6294, Test 0.5723
Batch: 16384, 0.004006862640380859s
Batch: 16384, 0.0019245147705078125s
Batch: 16384, 0.00185394287109375s
Batch: 16384, 0.0019071102142333984s
Batch: 16384, 0.0018863677978515625s
Batch: 16384, 0.002494335174560547s
Batch: 16384, 0.0018634796142578125s
Batch: 16384, 0.0018684864044189453s
Batch: 16384, 0.0018398761749267578s
Batch: 16384, 0.0018215179443359375s
Batch: 5503, 0.001828908920288086s
Epoch 180:, Train 0.9986, Val 0.6256, Test 0.5698
Batch: 16384, 0.004744529724121094s
Batch: 16384, 0.0018663406372070312s
Batch: 16384, 0.0018610954284667969s
Batch: 16384, 0.001889944076538086s
Batch: 16384, 0.0018699169158935547s
Batch: 16384, 0.0018699169158935547s
Batch: 16384, 0.0018661022186279297s
Batch: 16384, 0.0018548965454101562s
Batch: 16384, 0.0018613338470458984s
Batch: 16384, 0.0018105506896972656s
Batch: 5503, 0.001844644546508789s
Epoch 200:, Train 0.9988, Val 0.6270, Test 0.5753
Batch: 16384, 0.004060983657836914s
Batch: 16384, 0.0019195079803466797s
Batch: 16384, 0.0018782615661621094s
Batch: 16384, 0.0018622875213623047s
Batch: 16384, 0.0018894672393798828s
Batch: 16384, 0.0018687248229980469s
Batch: 16384, 0.0018761157989501953s
Batch: 16384, 0.0018241405487060547s
Batch: 16384, 0.0018448829650878906s
Batch: 16384, 0.0019865036010742188s
Batch: 5503, 0.0018622875213623047s
Epoch 220:, Train 0.9990, Val 0.6294, Test 0.5728
Batch: 16384, 0.004603385925292969s
Batch: 16384, 0.0018804073333740234s
Batch: 16384, 0.0018231868743896484s
Batch: 16384, 0.0018737316131591797s
Batch: 16384, 0.0025053024291992188s
Batch: 16384, 0.0018644332885742188s
Batch: 16384, 0.0018568038940429688s
Batch: 16384, 0.0018413066864013672s
Batch: 16384, 0.0018496513366699219s
Batch: 16384, 0.0018134117126464844s
Batch: 5503, 0.001794576644897461s
Epoch 240:, Train 0.9992, Val 0.6313, Test 0.5784
Batch: 16384, 0.005407094955444336s
Batch: 16384, 0.0018818378448486328s
Batch: 16384, 0.0018312931060791016s
Batch: 16384, 0.0018761157989501953s
Batch: 16384, 0.0019099712371826172s
Batch: 16384, 0.0018732547760009766s
Batch: 16384, 0.0018835067749023438s
Batch: 16384, 0.0019099712371826172s
Batch: 16384, 0.0018415451049804688s
Batch: 16384, 0.0018095970153808594s
Batch: 5503, 0.0018596649169921875s
Epoch 260:, Train 0.9991, Val 0.6256, Test 0.5709
Batch: 16384, 0.004705667495727539s
Batch: 16384, 0.0018706321716308594s
Batch: 16384, 0.0018057823181152344s
Batch: 16384, 0.001886129379272461s
Batch: 16384, 0.0018646717071533203s
Batch: 16384, 0.0018720626831054688s
Batch: 16384, 0.001863241195678711s
Batch: 16384, 0.0018754005432128906s
Batch: 16384, 0.0018570423126220703s
Batch: 16384, 0.0018227100372314453s
Batch: 5503, 0.0018265247344970703s
Epoch 280:, Train 0.9994, Val 0.6291, Test 0.5720
Batch: 16384, 0.0047397613525390625s
Batch: 16384, 0.0019006729125976562s
Batch: 16384, 0.0018794536590576172s
Batch: 16384, 0.0018634796142578125s
Batch: 16384, 0.0018837451934814453s
Batch: 16384, 0.001859903335571289s
Batch: 16384, 0.0018432140350341797s
Batch: 16384, 0.001863718032836914s
Batch: 16384, 0.0020160675048828125s
Batch: 16384, 0.001949310302734375s
Batch: 5503, 0.0018453598022460938s
Epoch 300:, Train 0.9993, Val 0.6293, Test 0.5690
BEST: Epoch 40, Train 0.8238, Val 0.6405, Test 0.5881

RUN #8: seed=1024
DOT_PRODUCT
Attention Filter (n=1166243): 0.866 +\- 0.097 [0.261-1.000]
Batch: 16384, 0.003779172897338867s
Batch: 16384, 0.001800537109375s
Batch: 16384, 0.0017926692962646484s
Batch: 16384, 0.0018153190612792969s
Batch: 16384, 0.0018291473388671875s
Batch: 16384, 0.0018079280853271484s
Batch: 16384, 0.0018193721771240234s
Batch: 16384, 0.0019507408142089844s
Batch: 16384, 0.0018036365509033203s
Batch: 16384, 0.0017447471618652344s
Batch: 5503, 0.0017774105072021484s
Epoch 20:, Train 0.6762, Val 0.6323, Test 0.5828
Batch: 16384, 0.003665447235107422s
Batch: 16384, 0.017977237701416016s
Batch: 16384, 0.0018050670623779297s
Batch: 16384, 0.0018241405487060547s
Batch: 16384, 0.0018131732940673828s
Batch: 16384, 0.0018029212951660156s
Batch: 16384, 0.0017735958099365234s
Batch: 16384, 0.0017828941345214844s
Batch: 16384, 0.0017960071563720703s
Batch: 16384, 0.0017845630645751953s
Batch: 5503, 0.0018057823181152344s
Epoch 40:, Train 0.8196, Val 0.6382, Test 0.5908
Batch: 16384, 0.0042726993560791016s
Batch: 16384, 0.0018079280853271484s
Batch: 16384, 0.001775503158569336s
Batch: 16384, 0.0021622180938720703s
Batch: 16384, 0.0018358230590820312s
Batch: 16384, 0.0018138885498046875s
Batch: 16384, 0.0018076896667480469s
Batch: 16384, 0.001773834228515625s
Batch: 16384, 0.0017921924591064453s
Batch: 16384, 0.001771688461303711s
Batch: 5503, 0.0018165111541748047s
Epoch 60:, Train 0.9431, Val 0.6325, Test 0.5784
Batch: 16384, 0.003657817840576172s
Batch: 16384, 0.001783609390258789s
Batch: 16384, 0.0018017292022705078s
Batch: 16384, 0.0017845630645751953s
Batch: 16384, 0.0017886161804199219s
Batch: 16384, 0.0018072128295898438s
Batch: 16384, 0.0017745494842529297s
Batch: 16384, 0.0018267631530761719s
Batch: 16384, 0.0018100738525390625s
Batch: 16384, 0.0017757415771484375s
Batch: 5503, 0.0017919540405273438s
Epoch 80:, Train 0.9811, Val 0.6268, Test 0.5693
Batch: 16384, 0.0036678314208984375s
Batch: 16384, 0.0018153190612792969s
Batch: 16384, 0.0018191337585449219s
Batch: 16384, 0.0018320083618164062s
Batch: 16384, 0.001811981201171875s
Batch: 16384, 0.0017795562744140625s
Batch: 16384, 0.001810312271118164s
Batch: 16384, 0.001825571060180664s
Batch: 16384, 0.0017809867858886719s
Batch: 16384, 0.0017724037170410156s
Batch: 5503, 0.0017671585083007812s
Epoch 100:, Train 0.9926, Val 0.6281, Test 0.5737
Batch: 16384, 0.003652811050415039s
Batch: 16384, 0.0018024444580078125s
Batch: 16384, 0.0018420219421386719s
Batch: 16384, 0.0018434524536132812s
Batch: 16384, 0.002407550811767578s
Batch: 16384, 0.001779794692993164s
Batch: 16384, 0.0018074512481689453s
Batch: 16384, 0.0018308162689208984s
Batch: 16384, 0.001786947250366211s
Batch: 16384, 0.001783132553100586s
Batch: 5503, 0.0017943382263183594s
Epoch 120:, Train 0.9965, Val 0.6246, Test 0.5695
Batch: 16384, 0.003657102584838867s
Batch: 16384, 0.0017600059509277344s
Batch: 16384, 0.0017969608306884766s
Batch: 16384, 0.0018200874328613281s
Batch: 16384, 0.0018286705017089844s
Batch: 16384, 0.0017809867858886719s
Batch: 16384, 0.001794576644897461s
Batch: 16384, 0.001848459243774414s
Batch: 16384, 0.0018014907836914062s
Batch: 16384, 0.0019316673278808594s
Batch: 5503, 0.0018076896667480469s
Epoch 140:, Train 0.9978, Val 0.6270, Test 0.5694
Batch: 16384, 0.0036916732788085938s
Batch: 16384, 0.0024099349975585938s
Batch: 16384, 0.0018210411071777344s
Batch: 16384, 0.0018033981323242188s
Batch: 16384, 0.0017981529235839844s
Batch: 16384, 0.0017952919006347656s
Batch: 16384, 0.0018229484558105469s
Batch: 16384, 0.001789093017578125s
Batch: 16384, 0.001767873764038086s
Batch: 16384, 0.001708984375s
Batch: 5503, 0.0017936229705810547s
Epoch 160:, Train 0.9982, Val 0.6256, Test 0.5716
Batch: 16384, 0.0036602020263671875s
Batch: 16384, 0.001798868179321289s
Batch: 16384, 0.00179290771484375s
Batch: 16384, 0.001798391342163086s
Batch: 16384, 0.0018401145935058594s
Batch: 16384, 0.0018115043640136719s
Batch: 16384, 0.0018124580383300781s
Batch: 16384, 0.0017914772033691406s
Batch: 16384, 0.0018126964569091797s
Batch: 16384, 0.001789093017578125s
Batch: 5503, 0.0017938613891601562s
Epoch 180:, Train 0.9986, Val 0.6263, Test 0.5671
Batch: 16384, 0.003674030303955078s
Batch: 16384, 0.001796722412109375s
Batch: 16384, 0.0017688274383544922s
Batch: 16384, 0.0018324851989746094s
Batch: 16384, 0.001802206039428711s
Batch: 16384, 0.0017702579498291016s
Batch: 16384, 0.0018072128295898438s
Batch: 16384, 0.0017819404602050781s
Batch: 16384, 0.0017819404602050781s
Batch: 16384, 0.0017464160919189453s
Batch: 5503, 0.0017693042755126953s
Epoch 200:, Train 0.9991, Val 0.6287, Test 0.5721
Batch: 16384, 0.0042285919189453125s
Batch: 16384, 0.0017812252044677734s
Batch: 16384, 0.0017745494842529297s
Batch: 16384, 0.0018010139465332031s
Batch: 16384, 0.001988649368286133s
Batch: 16384, 0.0019474029541015625s
Batch: 16384, 0.0017931461334228516s
Batch: 16384, 0.0018279552459716797s
Batch: 16384, 0.0018258094787597656s
Batch: 16384, 0.0017709732055664062s
Batch: 5503, 0.0017902851104736328s
Epoch 220:, Train 0.9991, Val 0.6294, Test 0.5747
Batch: 16384, 0.0036759376525878906s
Batch: 16384, 0.0017848014831542969s
Batch: 16384, 0.0017976760864257812s
Batch: 16384, 0.0017752647399902344s
Batch: 16384, 0.0017924308776855469s
Batch: 16384, 0.001791238784790039s
Batch: 16384, 0.0017828941345214844s
Batch: 16384, 0.0017731189727783203s
Batch: 16384, 0.0017943382263183594s
Batch: 16384, 0.0017845630645751953s
Batch: 5503, 0.0017747879028320312s
Epoch 240:, Train 0.9992, Val 0.6279, Test 0.5696
Batch: 16384, 0.0037653446197509766s
Batch: 16384, 0.0017580986022949219s
Batch: 16384, 0.0017902851104736328s
Batch: 16384, 0.0018038749694824219s
Batch: 16384, 0.0018053054809570312s
Batch: 16384, 0.0019404888153076172s
Batch: 16384, 0.0017719268798828125s
Batch: 16384, 0.0018253326416015625s
Batch: 16384, 0.0018200874328613281s
Batch: 16384, 0.0017702579498291016s
Batch: 5503, 0.0018396377563476562s
Epoch 260:, Train 0.9992, Val 0.6319, Test 0.5761
Batch: 16384, 0.003719806671142578s
Batch: 16384, 0.0017921924591064453s
Batch: 16384, 0.0017993450164794922s
Batch: 16384, 0.0017859935760498047s
Batch: 16384, 0.0018284320831298828s
Batch: 16384, 0.0018029212951660156s
Batch: 16384, 0.0017995834350585938s
Batch: 16384, 0.001924753189086914s
Batch: 16384, 0.0017807483673095703s
Batch: 16384, 0.0017406940460205078s
Batch: 5503, 0.0017826557159423828s
Epoch 280:, Train 0.9994, Val 0.6260, Test 0.5701
Batch: 16384, 0.0036733150482177734s
Batch: 16384, 0.0017795562744140625s
Batch: 16384, 0.0018634796142578125s
Batch: 16384, 0.001806020736694336s
Batch: 16384, 0.0017943382263183594s
Batch: 16384, 0.0017812252044677734s
Batch: 16384, 0.0018074512481689453s
Batch: 16384, 0.0017828941345214844s
Batch: 16384, 0.0017545223236083984s
Batch: 16384, 0.0017940998077392578s
Batch: 5503, 0.0018074512481689453s
Epoch 300:, Train 0.9994, Val 0.6268, Test 0.5720
BEST: Epoch 40, Train 0.8196, Val 0.6382, Test 0.5908

RUN #9: seed=2048
DOT_PRODUCT
Attention Filter (n=1166243): 0.871 +\- 0.094 [0.242-1.000]
Batch: 16384, 0.0037915706634521484s
Batch: 16384, 0.001779317855834961s
Batch: 16384, 0.0017921924591064453s
Batch: 16384, 0.0024957656860351562s
Batch: 16384, 0.001840353012084961s
Batch: 16384, 0.0017807483673095703s
Batch: 16384, 0.001817464828491211s
Batch: 16384, 0.0018002986907958984s
Batch: 16384, 0.0017902851104736328s
Batch: 16384, 0.0017256736755371094s
Batch: 5503, 0.0017189979553222656s
Epoch 20:, Train 0.6786, Val 0.6333, Test 0.5897
Batch: 16384, 0.0037505626678466797s
Batch: 16384, 0.0017697811126708984s
Batch: 16384, 0.001821756362915039s
Batch: 16384, 0.0025086402893066406s
Batch: 16384, 0.0018205642700195312s
Batch: 16384, 0.0017879009246826172s
Batch: 16384, 0.0018050670623779297s
Batch: 16384, 0.0017848014831542969s
Batch: 16384, 0.0018210411071777344s
Batch: 16384, 0.0017521381378173828s
Batch: 5503, 0.0017805099487304688s
Epoch 40:, Train 0.8259, Val 0.6334, Test 0.5818
Batch: 16384, 0.0037643909454345703s
Batch: 16384, 0.0017719268798828125s
Batch: 16384, 0.0017654895782470703s
Batch: 16384, 0.002447366714477539s
Batch: 16384, 0.0018572807312011719s
Batch: 16384, 0.00177001953125s
Batch: 16384, 0.0017931461334228516s
Batch: 16384, 0.0019249916076660156s
Batch: 16384, 0.0018095970153808594s
Batch: 16384, 0.0017440319061279297s
Batch: 5503, 0.0017592906951904297s
Epoch 60:, Train 0.9434, Val 0.6329, Test 0.5819
Batch: 16384, 0.004317522048950195s
Batch: 16384, 0.0017669200897216797s
Batch: 16384, 0.0017862319946289062s
Batch: 16384, 0.0017905235290527344s
Batch: 16384, 0.0017974376678466797s
Batch: 16384, 0.0024080276489257812s
Batch: 16384, 0.0020601749420166016s
Batch: 16384, 0.001806497573852539s
Batch: 16384, 0.0017864704132080078s
Batch: 16384, 0.0017747879028320312s
Batch: 5503, 0.0017821788787841797s
Epoch 80:, Train 0.9807, Val 0.6306, Test 0.5808
Batch: 16384, 0.004292488098144531s
Batch: 16384, 0.0017862319946289062s
Batch: 16384, 0.0017845630645751953s
Batch: 16384, 0.002506256103515625s
Batch: 16384, 0.0017795562744140625s
Batch: 16384, 0.0018312931060791016s
Batch: 16384, 0.0018086433410644531s
Batch: 16384, 0.001790761947631836s
Batch: 16384, 0.0017893314361572266s
Batch: 16384, 0.0017511844635009766s
Batch: 5503, 0.0017464160919189453s
Epoch 100:, Train 0.9916, Val 0.6278, Test 0.5744
Batch: 16384, 0.004438161849975586s
Batch: 16384, 0.0017800331115722656s
Batch: 16384, 0.0018033981323242188s
Batch: 16384, 0.001798868179321289s
Batch: 16384, 0.0018258094787597656s
Batch: 16384, 0.001779317855834961s
Batch: 16384, 0.001840829849243164s
Batch: 16384, 0.0018053054809570312s
Batch: 16384, 0.001756429672241211s
Batch: 16384, 0.0017366409301757812s
Batch: 5503, 0.0017666816711425781s
Epoch 120:, Train 0.9959, Val 0.6280, Test 0.5693
Batch: 16384, 0.0037851333618164062s
Batch: 16384, 0.0017919540405273438s
Batch: 16384, 0.0017824172973632812s
Batch: 16384, 0.0017974376678466797s
Batch: 16384, 0.0018188953399658203s
Batch: 16384, 0.0018169879913330078s
Batch: 16384, 0.0018341541290283203s
Batch: 16384, 0.0018391609191894531s
Batch: 16384, 0.0017969608306884766s
Batch: 16384, 0.0017254352569580078s
Batch: 5503, 0.0017428398132324219s
Epoch 140:, Train 0.9973, Val 0.6277, Test 0.5709
Batch: 16384, 0.0043163299560546875s
Batch: 16384, 0.0017900466918945312s
Batch: 16384, 0.0018074512481689453s
Batch: 16384, 0.002470254898071289s
Batch: 16384, 0.001817941665649414s
Batch: 16384, 0.001775503158569336s
Batch: 16384, 0.0018007755279541016s
Batch: 16384, 0.0018551349639892578s
Batch: 16384, 0.0017933845520019531s
Batch: 16384, 0.0017390251159667969s
Batch: 5503, 0.0017397403717041016s
Epoch 160:, Train 0.9982, Val 0.6218, Test 0.5652
Batch: 16384, 0.004276275634765625s
Batch: 16384, 0.0018124580383300781s
Batch: 16384, 0.001832723617553711s
Batch: 16384, 0.0017786026000976562s
Batch: 16384, 0.0018193721771240234s
Batch: 16384, 0.002479076385498047s
Batch: 16384, 0.001783132553100586s
Batch: 16384, 0.0019283294677734375s
Batch: 16384, 0.0018014907836914062s
Batch: 16384, 0.0017778873443603516s
Batch: 5503, 0.001796722412109375s
Epoch 180:, Train 0.9986, Val 0.6248, Test 0.5727
Batch: 16384, 0.0036933422088623047s
Batch: 16384, 0.0017979145050048828s
Batch: 16384, 0.0017952919006347656s
Batch: 16384, 0.0025186538696289062s
Batch: 16384, 0.0018193721771240234s
Batch: 16384, 0.001775979995727539s
Batch: 16384, 0.0018279552459716797s
Batch: 16384, 0.0017905235290527344s
Batch: 16384, 0.0017855167388916016s
Batch: 16384, 0.0017268657684326172s
Batch: 5503, 0.0017504692077636719s
Epoch 200:, Train 0.9988, Val 0.6232, Test 0.5715
Batch: 16384, 0.0036945343017578125s
Batch: 16384, 0.0018267631530761719s
Batch: 16384, 0.0018126964569091797s
Batch: 16384, 0.0025131702423095703s
Batch: 16384, 0.0022439956665039062s
Batch: 16384, 0.00182342529296875s
Batch: 16384, 0.001794576644897461s
Batch: 16384, 0.0017876625061035156s
Batch: 16384, 0.001773834228515625s
Batch: 16384, 0.0017142295837402344s
Batch: 5503, 0.0017139911651611328s
Epoch 220:, Train 0.9988, Val 0.6286, Test 0.5762
Batch: 16384, 0.003806591033935547s
Batch: 16384, 0.0017850399017333984s
Batch: 16384, 0.0017626285552978516s
Batch: 16384, 0.0018112659454345703s
Batch: 16384, 0.001791238784790039s
Batch: 16384, 0.0017690658569335938s
Batch: 16384, 0.0018007755279541016s
Batch: 16384, 0.0018470287322998047s
Batch: 16384, 0.0017786026000976562s
Batch: 16384, 0.001760244369506836s
Batch: 5503, 0.0017654895782470703s
Epoch 240:, Train 0.9991, Val 0.6241, Test 0.5680
Batch: 16384, 0.004313230514526367s
Batch: 16384, 0.0018303394317626953s
Batch: 16384, 0.0017881393432617188s
Batch: 16384, 0.0024793148040771484s
Batch: 16384, 0.0018320083618164062s
Batch: 16384, 0.0018072128295898438s
Batch: 16384, 0.001811981201171875s
Batch: 16384, 0.0018475055694580078s
Batch: 16384, 0.0019428730010986328s
Batch: 16384, 0.001722097396850586s
Batch: 5503, 0.0017735958099365234s
Epoch 260:, Train 0.9991, Val 0.6287, Test 0.5777
Batch: 16384, 0.003735065460205078s
Batch: 16384, 0.0018160343170166016s
Batch: 16384, 0.0018143653869628906s
Batch: 16384, 0.0025327205657958984s
Batch: 16384, 0.0018053054809570312s
Batch: 16384, 0.0018215179443359375s
Batch: 16384, 0.00182342529296875s
Batch: 16384, 0.001806497573852539s
Batch: 16384, 0.0017743110656738281s
Batch: 16384, 0.0017237663269042969s
Batch: 5503, 0.0017261505126953125s
Epoch 280:, Train 0.9990, Val 0.6284, Test 0.5743
Batch: 16384, 0.0037987232208251953s
Batch: 16384, 0.0018160343170166016s
Batch: 16384, 0.0018167495727539062s
Batch: 16384, 0.0018260478973388672s
Batch: 16384, 0.001836538314819336s
Batch: 16384, 0.0017957687377929688s
Batch: 16384, 0.0018007755279541016s
Batch: 16384, 0.0018436908721923828s
Batch: 16384, 0.0017867088317871094s
Batch: 16384, 0.0017421245574951172s
Batch: 5503, 0.0017595291137695312s
Epoch 300:, Train 0.9992, Val 0.6281, Test 0.5704
BEST: Epoch 40, Train 0.8259, Val 0.6334, Test 0.5818




==================================================
Model Parameters: 10947629

Avg. Preaggregation Time (s): 239.6301 +/- 1.5511
Avg. Training Time (epoch) (s): 1.4278 +/- 0.0820
Avg. Inference Time (s): 0.0236 +/- 0.0038

Avg. Training Acc: 0.8321 +/- 0.0365
Avg. Validation Acc: 0.6376 +/- 0.0023
Avg. Test Acc: 0.5854 +/- 0.0032

==================================================

++++++++++++++++++++++++++++++++++++++++++++++++++++
TOTAL RUNTIME = 1 hours 55 minutes
++++++++++++++++++++++++++++++++++++++++++++++++++++
