Tue 21 Jun 2022 07:34:19 PM CEST
r30n1.lisa.surfsara.nl
uid=55639(jharris) gid=55199(jharris) groups=55199(jharris),46457(lisa_uva_gpu),50488(ssh_forwarding)
/home/jharris/Desktop/approx_attention
/home/jharris/Desktop/approx_attention/venvs/GPU_venv/bin/python

Check if packages installed correctly
Torch: 1.11.0+cu113
PyG: 2.0.4

==================================================
Using backend: pytorch

===== PUBMED =====

Namespace(DATASET='pubmed', ATTN_FILTER='dot_product', EPOCHS=300, EVAL_EVERY=20, RUN_SEEDS=[0, 4, 8, 42, 64, 128, 256, 512, 1024, 2048], HOPS=2, BATCH_SIZE=256, LEARNING_RATE=0.001, WEIGHT_DECAY=1e-07, INCEPTION_LAYERS=2, INCEPTION_UNITS=512, CLASSIFICATION_LAYERS=3, CLASSIFICATION_UNITS=512, FEATURE_DROPOUT=0.3, NODE_DROPOUT=0.3, BATCH_NORMALIZATION=1, ATTN_HEADS=3, ATTN_NORMALIZATION=1, GAT_EPOCHS=10, GAT_BATCH_SIZE=1024, GAT_LEARNING_RATE=0.01, GAT_WEIGHT_DECAY=0.001, GAT_HIDDEN_UNITS=8, GAT_NODE_DROPOUT=0.6, GAT_LAYERS=2, GAT_HEADS_IN=8, GAT_HEADS_OUT=8, GAT_NEIGHBORS=150, GAT_LR_PATIENCE=5)

RUN #0: seed=0
DOT_PRODUCT
Attention Filter (n=88648): 0.995 +\- 0.004 [0.967-1.000]
28.602097034454346
Epoch 20:, Train 0.9975, Val 0.9200, Test 0.9020
Epoch 40:, Train 0.9999, Val 0.9260, Test 0.8910
Epoch 60:, Train 0.9999, Val 0.9100, Test 0.8950
Epoch 80:, Train 1.0000, Val 0.9180, Test 0.8970
Epoch 100:, Train 1.0000, Val 0.9060, Test 0.8960
Epoch 120:, Train 1.0000, Val 0.9060, Test 0.8910
Epoch 140:, Train 0.9999, Val 0.9140, Test 0.8860
Epoch 160:, Train 1.0000, Val 0.8980, Test 0.8940
Epoch 180:, Train 1.0000, Val 0.9100, Test 0.8960
Epoch 200:, Train 1.0000, Val 0.9100, Test 0.8940
Epoch 220:, Train 1.0000, Val 0.9200, Test 0.8910
Epoch 240:, Train 1.0000, Val 0.9120, Test 0.8920
Epoch 260:, Train 1.0000, Val 0.9220, Test 0.8930
Epoch 280:, Train 1.0000, Val 0.9100, Test 0.8910
Epoch 300:, Train 1.0000, Val 0.9140, Test 0.8920
BEST: Epoch 40, Train 0.9999, Val 0.9260, Test 0.8910

RUN #1: seed=4
DOT_PRODUCT
Attention Filter (n=88648): 0.995 +\- 0.004 [0.967-1.000]
23.984697103500366
Epoch 20:, Train 0.9978, Val 0.9080, Test 0.8980
Epoch 40:, Train 0.9999, Val 0.9220, Test 0.9020
Epoch 60:, Train 0.9999, Val 0.9200, Test 0.9000
Epoch 80:, Train 1.0000, Val 0.9120, Test 0.8940
Epoch 100:, Train 1.0000, Val 0.8980, Test 0.8950
Epoch 120:, Train 1.0000, Val 0.9000, Test 0.8950
Epoch 140:, Train 1.0000, Val 0.9080, Test 0.8950
Epoch 160:, Train 1.0000, Val 0.9220, Test 0.8980
Epoch 180:, Train 1.0000, Val 0.9040, Test 0.8950
Epoch 200:, Train 1.0000, Val 0.9180, Test 0.9000
Epoch 220:, Train 1.0000, Val 0.9020, Test 0.8900
Epoch 240:, Train 1.0000, Val 0.9120, Test 0.8900
Epoch 260:, Train 1.0000, Val 0.9040, Test 0.8920
Epoch 280:, Train 1.0000, Val 0.9120, Test 0.8950
Epoch 300:, Train 1.0000, Val 0.9000, Test 0.8910
BEST: Epoch 40, Train 0.9999, Val 0.9220, Test 0.9020

RUN #2: seed=8
DOT_PRODUCT
Attention Filter (n=88648): 0.995 +\- 0.004 [0.969-1.000]
23.87888479232788
Epoch 20:, Train 0.9978, Val 0.9240, Test 0.9040
Epoch 40:, Train 1.0000, Val 0.9200, Test 0.8940
Epoch 60:, Train 1.0000, Val 0.9180, Test 0.8990
Epoch 80:, Train 1.0000, Val 0.9160, Test 0.8960
Epoch 100:, Train 1.0000, Val 0.9100, Test 0.8990
Epoch 120:, Train 1.0000, Val 0.9160, Test 0.8950
Epoch 140:, Train 0.9999, Val 0.9060, Test 0.8950
Epoch 160:, Train 1.0000, Val 0.9120, Test 0.8870
Epoch 180:, Train 1.0000, Val 0.9200, Test 0.8920
Epoch 200:, Train 1.0000, Val 0.9160, Test 0.8940
Epoch 220:, Train 1.0000, Val 0.9020, Test 0.8920
Epoch 240:, Train 1.0000, Val 0.9120, Test 0.8860
Epoch 260:, Train 1.0000, Val 0.9080, Test 0.8940
Epoch 280:, Train 1.0000, Val 0.9100, Test 0.8900
Epoch 300:, Train 1.0000, Val 0.9060, Test 0.8910
BEST: Epoch 20, Train 0.9978, Val 0.9240, Test 0.9040

RUN #3: seed=42
DOT_PRODUCT
Attention Filter (n=88648): 0.995 +\- 0.005 [0.962-1.000]
23.901494026184082
Epoch 20:, Train 0.9975, Val 0.9100, Test 0.9080
Epoch 40:, Train 0.9998, Val 0.9120, Test 0.8940
Epoch 60:, Train 1.0000, Val 0.9180, Test 0.8970
Epoch 80:, Train 1.0000, Val 0.9100, Test 0.8960
Epoch 100:, Train 1.0000, Val 0.9080, Test 0.8940
Epoch 120:, Train 0.9999, Val 0.9200, Test 0.8960
Epoch 140:, Train 1.0000, Val 0.9080, Test 0.8890
Epoch 160:, Train 1.0000, Val 0.9020, Test 0.8890
Epoch 180:, Train 1.0000, Val 0.9080, Test 0.8960
Epoch 200:, Train 1.0000, Val 0.9020, Test 0.8940
Epoch 220:, Train 1.0000, Val 0.8900, Test 0.8930
Epoch 240:, Train 1.0000, Val 0.9080, Test 0.8920
Epoch 260:, Train 1.0000, Val 0.8920, Test 0.8890
Epoch 280:, Train 1.0000, Val 0.9000, Test 0.8870
Epoch 300:, Train 1.0000, Val 0.9080, Test 0.8900
BEST: Epoch 120, Train 0.9999, Val 0.9200, Test 0.8960

RUN #4: seed=64
DOT_PRODUCT
Attention Filter (n=88648): 0.995 +\- 0.004 [0.970-1.000]
24.174952745437622
Epoch 20:, Train 0.9962, Val 0.9140, Test 0.9010
Epoch 40:, Train 0.9999, Val 0.9200, Test 0.9040
Epoch 60:, Train 0.9999, Val 0.9120, Test 0.8960
Epoch 80:, Train 1.0000, Val 0.9060, Test 0.8920
Epoch 100:, Train 1.0000, Val 0.9160, Test 0.8990
Epoch 120:, Train 1.0000, Val 0.9140, Test 0.8970
Epoch 140:, Train 1.0000, Val 0.9060, Test 0.8910
Epoch 160:, Train 1.0000, Val 0.9020, Test 0.8940
Epoch 180:, Train 1.0000, Val 0.9060, Test 0.8880
Epoch 200:, Train 1.0000, Val 0.9040, Test 0.8930
Epoch 220:, Train 1.0000, Val 0.9080, Test 0.8970
Epoch 240:, Train 1.0000, Val 0.9120, Test 0.8950
Epoch 260:, Train 1.0000, Val 0.9180, Test 0.8900
Epoch 280:, Train 1.0000, Val 0.9160, Test 0.8880
Epoch 300:, Train 1.0000, Val 0.9180, Test 0.8940
BEST: Epoch 40, Train 0.9999, Val 0.9200, Test 0.9040

RUN #5: seed=128
DOT_PRODUCT
Attention Filter (n=88648): 0.995 +\- 0.004 [0.972-1.000]
23.959003448486328
Epoch 20:, Train 0.9971, Val 0.9060, Test 0.8960
Epoch 40:, Train 1.0000, Val 0.9060, Test 0.8990
Epoch 60:, Train 0.9999, Val 0.9120, Test 0.8900
Epoch 80:, Train 1.0000, Val 0.9260, Test 0.8960
Epoch 100:, Train 1.0000, Val 0.9060, Test 0.8940
Epoch 120:, Train 1.0000, Val 0.9060, Test 0.8910
Epoch 140:, Train 1.0000, Val 0.9140, Test 0.8870
Epoch 160:, Train 1.0000, Val 0.8940, Test 0.8890
Epoch 180:, Train 1.0000, Val 0.9080, Test 0.8910
Epoch 200:, Train 1.0000, Val 0.9140, Test 0.8920
Epoch 220:, Train 1.0000, Val 0.9020, Test 0.8890
Epoch 240:, Train 1.0000, Val 0.9140, Test 0.8940
Epoch 260:, Train 1.0000, Val 0.9140, Test 0.8910
Epoch 280:, Train 1.0000, Val 0.9060, Test 0.8910
Epoch 300:, Train 1.0000, Val 0.9120, Test 0.8860
BEST: Epoch 80, Train 1.0000, Val 0.9260, Test 0.8960

RUN #6: seed=256
DOT_PRODUCT
Attention Filter (n=88648): 0.995 +\- 0.004 [0.970-1.000]
23.927635669708252
Epoch 20:, Train 0.9963, Val 0.9180, Test 0.8940
Epoch 40:, Train 0.9999, Val 0.9220, Test 0.8920
Epoch 60:, Train 0.9999, Val 0.9140, Test 0.8970
Epoch 80:, Train 0.9999, Val 0.9140, Test 0.8970
Epoch 100:, Train 1.0000, Val 0.9180, Test 0.8950
Epoch 120:, Train 1.0000, Val 0.9140, Test 0.8990
Epoch 140:, Train 1.0000, Val 0.9100, Test 0.8940
Epoch 160:, Train 1.0000, Val 0.9080, Test 0.8920
Epoch 180:, Train 1.0000, Val 0.9140, Test 0.8910
Epoch 200:, Train 1.0000, Val 0.9060, Test 0.8930
Epoch 220:, Train 1.0000, Val 0.9020, Test 0.8980
Epoch 240:, Train 1.0000, Val 0.9100, Test 0.8900
Epoch 260:, Train 1.0000, Val 0.9120, Test 0.8870
Epoch 280:, Train 1.0000, Val 0.9040, Test 0.8930
Epoch 300:, Train 1.0000, Val 0.9020, Test 0.8840
BEST: Epoch 40, Train 0.9999, Val 0.9220, Test 0.8920

RUN #7: seed=512
DOT_PRODUCT
Attention Filter (n=88648): 0.995 +\- 0.004 [0.963-1.000]
23.75288486480713
Epoch 20:, Train 0.9963, Val 0.9140, Test 0.8960
Epoch 40:, Train 0.9997, Val 0.9140, Test 0.8970
Epoch 60:, Train 0.9999, Val 0.9160, Test 0.9050
Epoch 80:, Train 1.0000, Val 0.9100, Test 0.8960
Epoch 100:, Train 1.0000, Val 0.9120, Test 0.8890
Epoch 120:, Train 0.9999, Val 0.9100, Test 0.8970
Epoch 140:, Train 1.0000, Val 0.9100, Test 0.8920
Epoch 160:, Train 1.0000, Val 0.9100, Test 0.8910
Epoch 180:, Train 1.0000, Val 0.9060, Test 0.8880
Epoch 200:, Train 1.0000, Val 0.9020, Test 0.8860
Epoch 220:, Train 1.0000, Val 0.9000, Test 0.8910
Epoch 240:, Train 1.0000, Val 0.9020, Test 0.8860
Epoch 260:, Train 1.0000, Val 0.9060, Test 0.8910
Epoch 280:, Train 1.0000, Val 0.9100, Test 0.8920
Epoch 300:, Train 1.0000, Val 0.9000, Test 0.8860
BEST: Epoch 60, Train 0.9999, Val 0.9160, Test 0.9050

RUN #8: seed=1024
DOT_PRODUCT
Attention Filter (n=88648): 0.995 +\- 0.004 [0.964-1.000]
24.09868311882019
Epoch 20:, Train 0.9973, Val 0.9080, Test 0.8950
Epoch 40:, Train 0.9997, Val 0.9060, Test 0.8950
Epoch 60:, Train 0.9999, Val 0.9060, Test 0.8970
Epoch 80:, Train 0.9999, Val 0.9120, Test 0.8990
Epoch 100:, Train 1.0000, Val 0.9040, Test 0.8910
Epoch 120:, Train 1.0000, Val 0.9080, Test 0.8960
Epoch 140:, Train 1.0000, Val 0.9060, Test 0.8950
Epoch 160:, Train 1.0000, Val 0.8980, Test 0.8810
Epoch 180:, Train 1.0000, Val 0.9120, Test 0.8980
Epoch 200:, Train 1.0000, Val 0.9040, Test 0.8930
Epoch 220:, Train 1.0000, Val 0.8980, Test 0.8900
Epoch 240:, Train 1.0000, Val 0.9000, Test 0.8900
Epoch 260:, Train 1.0000, Val 0.8980, Test 0.8960
Epoch 280:, Train 1.0000, Val 0.9080, Test 0.8950
Epoch 300:, Train 1.0000, Val 0.8980, Test 0.8900
BEST: Epoch 80, Train 0.9999, Val 0.9120, Test 0.8990

RUN #9: seed=2048
DOT_PRODUCT
Attention Filter (n=88648): 0.995 +\- 0.005 [0.968-1.000]
23.754390478134155
Epoch 20:, Train 0.9968, Val 0.9220, Test 0.8940
Epoch 40:, Train 0.9995, Val 0.9000, Test 0.9020
Epoch 60:, Train 1.0000, Val 0.9080, Test 0.9060
Epoch 80:, Train 0.9999, Val 0.9020, Test 0.8950
Epoch 100:, Train 1.0000, Val 0.9140, Test 0.8980
Epoch 120:, Train 1.0000, Val 0.9160, Test 0.8860
Epoch 140:, Train 1.0000, Val 0.9000, Test 0.8960
Epoch 160:, Train 1.0000, Val 0.9100, Test 0.8920
Epoch 180:, Train 1.0000, Val 0.9180, Test 0.8980
Epoch 200:, Train 1.0000, Val 0.8880, Test 0.8940
Epoch 220:, Train 1.0000, Val 0.8980, Test 0.8900
Epoch 240:, Train 1.0000, Val 0.9080, Test 0.8910
Epoch 260:, Train 1.0000, Val 0.8920, Test 0.8930
Epoch 280:, Train 1.0000, Val 0.8980, Test 0.8910
Epoch 300:, Train 1.0000, Val 0.9060, Test 0.8930
BEST: Epoch 20, Train 0.9968, Val 0.9220, Test 0.8940




==================================================
Model Parameters: 2613768

Avg. Preaggregation Time (s): 24.4035 +/- 1.4052
Avg. Training Time (epoch) (s): 1.0043 +/- 0.0359
Avg. Inference Time (s): 0.0952 +/- 0.0012

Avg. Training Acc: 0.9994 +/- 0.0011
Avg. Validation Acc: 0.9210 +/- 0.0041
Avg. Test Acc: 0.8983 +/- 0.0050

==================================================

++++++++++++++++++++++++++++++++++++++++++++++++++++
TOTAL RUNTIME = 0 hours 56 minutes
++++++++++++++++++++++++++++++++++++++++++++++++++++
