Tue 21 Jun 2022 07:33:50 PM CEST
r30n1.lisa.surfsara.nl
uid=55639(jharris) gid=55199(jharris) groups=55199(jharris),46457(lisa_uva_gpu),50488(ssh_forwarding)
/home/jharris/Desktop/approx_attention
/home/jharris/Desktop/approx_attention/venvs/GPU_venv/bin/python

Check if packages installed correctly
Torch: 1.11.0+cu113
PyG: 2.0.4

==================================================
Using backend: pytorch

===== PUBMED =====

Namespace(DATASET='pubmed', ATTN_FILTER='gat', EPOCHS=300, EVAL_EVERY=20, RUN_SEEDS=[0, 4, 8, 42, 64, 128, 256, 512, 1024, 2048], HOPS=2, BATCH_SIZE=256, LEARNING_RATE=0.001, WEIGHT_DECAY=1e-07, INCEPTION_LAYERS=2, INCEPTION_UNITS=512, CLASSIFICATION_LAYERS=3, CLASSIFICATION_UNITS=512, FEATURE_DROPOUT=0.3, NODE_DROPOUT=0.3, BATCH_NORMALIZATION=1, ATTN_HEADS=2, ATTN_NORMALIZATION=True, GAT_EPOCHS=10, GAT_BATCH_SIZE=1024, GAT_LEARNING_RATE=0.01, GAT_WEIGHT_DECAY=0.001, GAT_HIDDEN_UNITS=8, GAT_NODE_DROPOUT=0.6, GAT_LAYERS=2, GAT_HEADS_IN=8, GAT_HEADS_OUT=8, GAT_NEIGHBORS=150, GAT_LR_PATIENCE=5)

RUN #0: seed=0
GAT
Attention Filter (n=108365): 0.264 +\- 0.293 [0.004-0.979]
27.016989946365356
Epoch 20:, Train 0.9974, Val 0.8920, Test 0.8950
Epoch 40:, Train 0.9999, Val 0.8860, Test 0.8970
Epoch 60:, Train 0.9999, Val 0.8800, Test 0.8910
Epoch 80:, Train 0.9999, Val 0.8760, Test 0.8940
Epoch 100:, Train 1.0000, Val 0.8800, Test 0.8760
Epoch 120:, Train 1.0000, Val 0.8620, Test 0.8910
Epoch 140:, Train 1.0000, Val 0.8740, Test 0.8900
Epoch 160:, Train 1.0000, Val 0.8600, Test 0.8910
Epoch 180:, Train 1.0000, Val 0.8720, Test 0.8920
Epoch 200:, Train 1.0000, Val 0.8820, Test 0.8930
Epoch 220:, Train 1.0000, Val 0.8660, Test 0.8970
Epoch 240:, Train 1.0000, Val 0.8860, Test 0.8930
Epoch 260:, Train 1.0000, Val 0.8820, Test 0.8910
Epoch 280:, Train 1.0000, Val 0.8820, Test 0.8900
Epoch 300:, Train 1.0000, Val 0.8820, Test 0.8990
BEST: Epoch 20, Train 0.9974, Val 0.8920, Test 0.8950

RUN #1: seed=4
GAT
Attention Filter (n=108365): 0.264 +\- 0.293 [0.005-0.978]
13.448282718658447
Epoch 20:, Train 0.9967, Val 0.8800, Test 0.8890
Epoch 40:, Train 0.9999, Val 0.8800, Test 0.9010
Epoch 60:, Train 1.0000, Val 0.8820, Test 0.8910
Epoch 80:, Train 0.9999, Val 0.8780, Test 0.8920
Epoch 100:, Train 0.9999, Val 0.8800, Test 0.8910
Epoch 120:, Train 1.0000, Val 0.8600, Test 0.8970
Epoch 140:, Train 1.0000, Val 0.8720, Test 0.8970
Epoch 160:, Train 1.0000, Val 0.8660, Test 0.8950
Epoch 180:, Train 0.9999, Val 0.8660, Test 0.9000
Epoch 200:, Train 1.0000, Val 0.8720, Test 0.9010
Epoch 220:, Train 1.0000, Val 0.8740, Test 0.8980
Epoch 240:, Train 1.0000, Val 0.8740, Test 0.8990
Epoch 260:, Train 1.0000, Val 0.8860, Test 0.8890
Epoch 280:, Train 1.0000, Val 0.8780, Test 0.8910
Epoch 300:, Train 1.0000, Val 0.8740, Test 0.8970
BEST: Epoch 260, Train 1.0000, Val 0.8860, Test 0.8890

RUN #2: seed=8
GAT
Attention Filter (n=108365): 0.264 +\- 0.293 [0.003-0.982]
13.406621217727661
Epoch 20:, Train 0.9977, Val 0.8920, Test 0.8890
Epoch 40:, Train 0.9997, Val 0.8780, Test 0.8880
Epoch 60:, Train 0.9999, Val 0.9000, Test 0.8910
Epoch 80:, Train 1.0000, Val 0.8860, Test 0.8970
Epoch 100:, Train 1.0000, Val 0.8820, Test 0.8830
Epoch 120:, Train 0.9999, Val 0.8820, Test 0.8930
Epoch 140:, Train 1.0000, Val 0.8880, Test 0.8890
Epoch 160:, Train 0.9999, Val 0.8780, Test 0.8820
Epoch 180:, Train 1.0000, Val 0.8860, Test 0.8940
Epoch 200:, Train 1.0000, Val 0.8820, Test 0.8780
Epoch 220:, Train 1.0000, Val 0.8860, Test 0.8910
Epoch 240:, Train 1.0000, Val 0.8840, Test 0.8820
Epoch 260:, Train 1.0000, Val 0.8700, Test 0.8880
Epoch 280:, Train 1.0000, Val 0.8760, Test 0.8840
Epoch 300:, Train 1.0000, Val 0.8820, Test 0.8920
BEST: Epoch 60, Train 0.9999, Val 0.9000, Test 0.8910

RUN #3: seed=42
GAT
Attention Filter (n=108365): 0.264 +\- 0.293 [0.005-0.978]
13.348406314849854
Epoch 20:, Train 0.9980, Val 0.8860, Test 0.8900
Epoch 40:, Train 0.9999, Val 0.8760, Test 0.8900
Epoch 60:, Train 0.9999, Val 0.8960, Test 0.8890
Epoch 80:, Train 0.9999, Val 0.8880, Test 0.8860
Epoch 100:, Train 1.0000, Val 0.8960, Test 0.8920
Epoch 120:, Train 1.0000, Val 0.8860, Test 0.8940
Epoch 140:, Train 1.0000, Val 0.8860, Test 0.8930
Epoch 160:, Train 1.0000, Val 0.8820, Test 0.8980
Epoch 180:, Train 0.9999, Val 0.8880, Test 0.8910
Epoch 200:, Train 1.0000, Val 0.8760, Test 0.8950
Epoch 220:, Train 1.0000, Val 0.8820, Test 0.8950
Epoch 240:, Train 1.0000, Val 0.8800, Test 0.9000
Epoch 260:, Train 1.0000, Val 0.8980, Test 0.8890
Epoch 280:, Train 0.9999, Val 0.8920, Test 0.8840
Epoch 300:, Train 1.0000, Val 0.8920, Test 0.8930
BEST: Epoch 260, Train 1.0000, Val 0.8980, Test 0.8890

RUN #4: seed=64
GAT
Attention Filter (n=108365): 0.264 +\- 0.294 [0.003-0.981]
13.388671159744263
Epoch 20:, Train 0.9977, Val 0.8880, Test 0.8920
Epoch 40:, Train 0.9996, Val 0.8820, Test 0.8950
Epoch 60:, Train 0.9999, Val 0.8840, Test 0.8900
Epoch 80:, Train 0.9999, Val 0.8780, Test 0.8880
Epoch 100:, Train 1.0000, Val 0.8840, Test 0.8860
Epoch 120:, Train 0.9999, Val 0.8660, Test 0.8930
Epoch 140:, Train 1.0000, Val 0.8780, Test 0.8820
Epoch 160:, Train 1.0000, Val 0.8800, Test 0.8840
Epoch 180:, Train 0.9999, Val 0.8680, Test 0.8920
Epoch 200:, Train 1.0000, Val 0.8820, Test 0.8870
Epoch 220:, Train 1.0000, Val 0.8700, Test 0.8860
Epoch 240:, Train 1.0000, Val 0.8860, Test 0.8920
Epoch 260:, Train 1.0000, Val 0.8780, Test 0.8940
Epoch 280:, Train 1.0000, Val 0.8740, Test 0.8900
Epoch 300:, Train 1.0000, Val 0.8840, Test 0.8850
BEST: Epoch 20, Train 0.9977, Val 0.8880, Test 0.8920

RUN #5: seed=128
GAT
Attention Filter (n=108365): 0.264 +\- 0.293 [0.005-0.978]
13.453906297683716
Epoch 20:, Train 0.9980, Val 0.8960, Test 0.8990
Epoch 40:, Train 0.9999, Val 0.8800, Test 0.8890
Epoch 60:, Train 0.9999, Val 0.8820, Test 0.8940
Epoch 80:, Train 0.9999, Val 0.8760, Test 0.8920
Epoch 100:, Train 1.0000, Val 0.8820, Test 0.8860
Epoch 120:, Train 1.0000, Val 0.8840, Test 0.8910
Epoch 140:, Train 1.0000, Val 0.8920, Test 0.8920
Epoch 160:, Train 1.0000, Val 0.8680, Test 0.8860
Epoch 180:, Train 1.0000, Val 0.8760, Test 0.8890
Epoch 200:, Train 1.0000, Val 0.8820, Test 0.8890
Epoch 220:, Train 1.0000, Val 0.8720, Test 0.8880
Epoch 240:, Train 1.0000, Val 0.8720, Test 0.8820
Epoch 260:, Train 1.0000, Val 0.8820, Test 0.8880
Epoch 280:, Train 1.0000, Val 0.8780, Test 0.8880
Epoch 300:, Train 1.0000, Val 0.8720, Test 0.8870
BEST: Epoch 20, Train 0.9980, Val 0.8960, Test 0.8990

RUN #6: seed=256
GAT
Attention Filter (n=108365): 0.264 +\- 0.293 [0.005-0.977]
13.439447164535522
Epoch 20:, Train 0.9960, Val 0.8780, Test 0.8890
Epoch 40:, Train 0.9998, Val 0.8680, Test 0.8920
Epoch 60:, Train 0.9998, Val 0.8720, Test 0.8910
Epoch 80:, Train 1.0000, Val 0.8820, Test 0.8900
Epoch 100:, Train 1.0000, Val 0.8720, Test 0.8950
Epoch 120:, Train 1.0000, Val 0.8780, Test 0.8980
Epoch 140:, Train 1.0000, Val 0.8740, Test 0.9020
Epoch 160:, Train 1.0000, Val 0.8740, Test 0.8870
Epoch 180:, Train 1.0000, Val 0.8660, Test 0.8920
Epoch 200:, Train 1.0000, Val 0.8620, Test 0.8970
Epoch 220:, Train 1.0000, Val 0.8720, Test 0.8890
Epoch 240:, Train 1.0000, Val 0.8720, Test 0.8860
Epoch 260:, Train 1.0000, Val 0.8700, Test 0.8860
Epoch 280:, Train 1.0000, Val 0.8660, Test 0.8890
Epoch 300:, Train 1.0000, Val 0.8640, Test 0.8900
BEST: Epoch 80, Train 1.0000, Val 0.8820, Test 0.8900

RUN #7: seed=512
GAT
Attention Filter (n=108365): 0.264 +\- 0.293 [0.004-0.979]
13.349286794662476
Epoch 20:, Train 0.9964, Val 0.8720, Test 0.8860
Epoch 40:, Train 1.0000, Val 0.8860, Test 0.8950
Epoch 60:, Train 1.0000, Val 0.8820, Test 0.8970
Epoch 80:, Train 1.0000, Val 0.8720, Test 0.8980
Epoch 100:, Train 1.0000, Val 0.8620, Test 0.8950
Epoch 120:, Train 1.0000, Val 0.8720, Test 0.8920
Epoch 140:, Train 1.0000, Val 0.8660, Test 0.8910
Epoch 160:, Train 1.0000, Val 0.8740, Test 0.8910
Epoch 180:, Train 1.0000, Val 0.8800, Test 0.8900
Epoch 200:, Train 1.0000, Val 0.8740, Test 0.8960
Epoch 220:, Train 1.0000, Val 0.8660, Test 0.9020
Epoch 240:, Train 1.0000, Val 0.8760, Test 0.8950
Epoch 260:, Train 1.0000, Val 0.8780, Test 0.8900
Epoch 280:, Train 1.0000, Val 0.8760, Test 0.9020
Epoch 300:, Train 1.0000, Val 0.8680, Test 0.8850
BEST: Epoch 40, Train 1.0000, Val 0.8860, Test 0.8950

RUN #8: seed=1024
GAT
Attention Filter (n=108365): 0.264 +\- 0.293 [0.005-0.978]
13.35058879852295
Epoch 20:, Train 0.9974, Val 0.8680, Test 0.8920
Epoch 40:, Train 0.9998, Val 0.8840, Test 0.8930
Epoch 60:, Train 1.0000, Val 0.8880, Test 0.8920
Epoch 80:, Train 1.0000, Val 0.8800, Test 0.8960
Epoch 100:, Train 0.9999, Val 0.8820, Test 0.8940
Epoch 120:, Train 1.0000, Val 0.8760, Test 0.8910
Epoch 140:, Train 1.0000, Val 0.8780, Test 0.8950
Epoch 160:, Train 1.0000, Val 0.8840, Test 0.8920
Epoch 180:, Train 1.0000, Val 0.8760, Test 0.8930
Epoch 200:, Train 1.0000, Val 0.8760, Test 0.8910
Epoch 220:, Train 1.0000, Val 0.8780, Test 0.8890
Epoch 240:, Train 1.0000, Val 0.8700, Test 0.8860
Epoch 260:, Train 1.0000, Val 0.8800, Test 0.8900
Epoch 280:, Train 1.0000, Val 0.8800, Test 0.8960
Epoch 300:, Train 1.0000, Val 0.8740, Test 0.9000
BEST: Epoch 60, Train 1.0000, Val 0.8880, Test 0.8920

RUN #9: seed=2048
GAT
Attention Filter (n=108365): 0.264 +\- 0.293 [0.005-0.978]
13.387136936187744
Epoch 20:, Train 0.9984, Val 0.8880, Test 0.8990
Epoch 40:, Train 0.9996, Val 0.8740, Test 0.8780
Epoch 60:, Train 0.9999, Val 0.8800, Test 0.8870
Epoch 80:, Train 0.9999, Val 0.8760, Test 0.8850
Epoch 100:, Train 0.9999, Val 0.8760, Test 0.8910
Epoch 120:, Train 0.9999, Val 0.8700, Test 0.8860
Epoch 140:, Train 1.0000, Val 0.8600, Test 0.8860
Epoch 160:, Train 1.0000, Val 0.8660, Test 0.8930
Epoch 180:, Train 1.0000, Val 0.8700, Test 0.8870
Epoch 200:, Train 1.0000, Val 0.8680, Test 0.8910
Epoch 220:, Train 1.0000, Val 0.8900, Test 0.8950
Epoch 240:, Train 1.0000, Val 0.8900, Test 0.8990
Epoch 260:, Train 1.0000, Val 0.8780, Test 0.8930
Epoch 280:, Train 1.0000, Val 0.8780, Test 0.8890
Epoch 300:, Train 1.0000, Val 0.8760, Test 0.8940
BEST: Epoch 220, Train 1.0000, Val 0.8900, Test 0.8950




==================================================
Model Parameters: 2613768

Avg. Preaggregation Time (s): 14.7589 +/- 4.0862
Avg. Training Time (epoch) (s): 0.9901 +/- 0.0355
Avg. Inference Time (s): 0.0951 +/- 0.0010

Avg. Training Acc: 0.9993 +/- 0.0011
Avg. Validation Acc: 0.8906 +/- 0.0055
Avg. Test Acc: 0.8927 +/- 0.0031

/var/spool/slurm/slurmd/job9637102/slurm_script: line 95: --GAT_EPOCHS: command not found
==================================================

++++++++++++++++++++++++++++++++++++++++++++++++++++
TOTAL RUNTIME = 0 hours 54 minutes
++++++++++++++++++++++++++++++++++++++++++++++++++++
