Wed 22 Jun 2022 03:34:05 PM CEST
r32n6.lisa.surfsara.nl
uid=55639(jharris) gid=55199(jharris) groups=55199(jharris),46457(lisa_uva_gpu),50488(ssh_forwarding)
/home/jharris/Desktop/approx_attention
/home/jharris/Desktop/approx_attention/venvs/GPU_venv/bin/python

Check if packages installed correctly
Torch: 1.11.0+cu113
PyG: 2.0.4

==================================================
Using backend: pytorch

===== PRODUCTS =====

Namespace(DATASET='products', ATTN_FILTER='dot_product', EPOCHS=300, EVAL_EVERY=20, RUN_SEEDS=[0, 4, 8, 42, 64, 128, 256, 512, 1024, 2048], HOPS=5, BATCH_SIZE=2048, LEARNING_RATE=0.001, WEIGHT_DECAY=1e-05, INCEPTION_LAYERS=1, INCEPTION_UNITS=512, CLASSIFICATION_LAYERS=3, CLASSIFICATION_UNITS=1024, FEATURE_DROPOUT=0.7, NODE_DROPOUT=0.2, BATCH_NORMALIZATION=1, ATTN_HEADS=1, ATTN_NORMALIZATION=1, GAT_EPOCHS=10, GAT_BATCH_SIZE=1024, GAT_LEARNING_RATE=0.01, GAT_WEIGHT_DECAY=0.001, GAT_HIDDEN_UNITS=8, GAT_NODE_DROPOUT=0.6, GAT_LAYERS=2, GAT_HEADS_IN=8, GAT_HEADS_OUT=8, GAT_NEIGHBORS=150, GAT_LR_PATIENCE=5)

DOT_PRODUCT
Attention Filter (n=122972657): 0.150 +\- 0.232 [0.000-1.000]
Total Transformation Time: 24684.4595
RUN #0: seed=0
Epoch 20:, Train 0.8683, Val 0.8601, Test 0.7101
Epoch 40:, Train 0.8801, Val 0.8694, Test 0.7231
Epoch 60:, Train 0.8856, Val 0.8733, Test 0.7244
Epoch 80:, Train 0.8864, Val 0.8732, Test 0.7310
Epoch 100:, Train 0.8902, Val 0.8764, Test 0.7353
Epoch 120:, Train 0.8933, Val 0.8758, Test 0.7374
Epoch 140:, Train 0.8913, Val 0.8755, Test 0.7331
Epoch 160:, Train 0.8936, Val 0.8769, Test 0.7366
Epoch 180:, Train 0.8965, Val 0.8797, Test 0.7369
Epoch 200:, Train 0.8963, Val 0.8813, Test 0.7385
Epoch 220:, Train 0.8962, Val 0.8791, Test 0.7384
Epoch 240:, Train 0.9006, Val 0.8826, Test 0.7421
Epoch 260:, Train 0.8998, Val 0.8809, Test 0.7402
Epoch 280:, Train 0.8990, Val 0.8824, Test 0.7402
Epoch 300:, Train 0.9007, Val 0.8811, Test 0.7420
BEST: Epoch 240, Train 0.9006, Val 0.8826, Test 0.7421

RUN #1: seed=4
Epoch 20:, Train 0.8689, Val 0.8613, Test 0.7133
Epoch 40:, Train 0.8784, Val 0.8674, Test 0.7192
Epoch 60:, Train 0.8870, Val 0.8741, Test 0.7312
Epoch 80:, Train 0.8862, Val 0.8722, Test 0.7264
Epoch 100:, Train 0.8903, Val 0.8753, Test 0.7296
Epoch 120:, Train 0.8822, Val 0.8724, Test 0.7336
Epoch 140:, Train 0.8913, Val 0.8770, Test 0.7339
Epoch 160:, Train 0.8960, Val 0.8787, Test 0.7364
Epoch 180:, Train 0.8956, Val 0.8784, Test 0.7380
Epoch 200:, Train 0.8963, Val 0.8799, Test 0.7365
Epoch 220:, Train 0.8979, Val 0.8811, Test 0.7380
Epoch 240:, Train 0.8977, Val 0.8804, Test 0.7427
Epoch 260:, Train 0.8995, Val 0.8820, Test 0.7414
Epoch 280:, Train 0.9010, Val 0.8821, Test 0.7423
Epoch 300:, Train 0.9011, Val 0.8843, Test 0.7418
BEST: Epoch 300, Train 0.9011, Val 0.8843, Test 0.7418

RUN #2: seed=8
Epoch 20:, Train 0.8646, Val 0.8566, Test 0.7037
Epoch 40:, Train 0.8796, Val 0.8692, Test 0.7222
Epoch 60:, Train 0.8834, Val 0.8735, Test 0.7259
Epoch 80:, Train 0.8870, Val 0.8747, Test 0.7269
Epoch 100:, Train 0.8907, Val 0.8759, Test 0.7349
Epoch 120:, Train 0.8938, Val 0.8783, Test 0.7369
Epoch 140:, Train 0.8918, Val 0.8764, Test 0.7288
Epoch 160:, Train 0.8957, Val 0.8784, Test 0.7378
Epoch 180:, Train 0.8968, Val 0.8808, Test 0.7388
Epoch 200:, Train 0.8968, Val 0.8798, Test 0.7373
Epoch 220:, Train 0.8986, Val 0.8804, Test 0.7413
Epoch 240:, Train 0.8951, Val 0.8781, Test 0.7381
Epoch 260:, Train 0.8993, Val 0.8801, Test 0.7401
Epoch 280:, Train 0.9004, Val 0.8808, Test 0.7410
Epoch 300:, Train 0.9018, Val 0.8844, Test 0.7447
BEST: Epoch 300, Train 0.9018, Val 0.8844, Test 0.7447

RUN #3: seed=42
Epoch 20:, Train 0.8680, Val 0.8593, Test 0.7062
Epoch 40:, Train 0.8785, Val 0.8702, Test 0.7176
Epoch 60:, Train 0.8850, Val 0.8726, Test 0.7224
Epoch 80:, Train 0.8854, Val 0.8724, Test 0.7265
Epoch 100:, Train 0.8907, Val 0.8757, Test 0.7321
Epoch 120:, Train 0.8914, Val 0.8787, Test 0.7312
Epoch 140:, Train 0.8935, Val 0.8790, Test 0.7379
Epoch 160:, Train 0.8951, Val 0.8802, Test 0.7368
Epoch 180:, Train 0.8981, Val 0.8821, Test 0.7382
Epoch 200:, Train 0.8979, Val 0.8795, Test 0.7386
Epoch 220:, Train 0.8984, Val 0.8798, Test 0.7434
Epoch 240:, Train 0.8989, Val 0.8817, Test 0.7397
Epoch 260:, Train 0.8982, Val 0.8806, Test 0.7381
Epoch 280:, Train 0.8989, Val 0.8820, Test 0.7393
Epoch 300:, Train 0.8976, Val 0.8775, Test 0.7369
BEST: Epoch 180, Train 0.8981, Val 0.8821, Test 0.7382

RUN #4: seed=64
Epoch 20:, Train 0.8680, Val 0.8629, Test 0.7088
Epoch 40:, Train 0.8801, Val 0.8704, Test 0.7180
Epoch 60:, Train 0.8829, Val 0.8688, Test 0.7196
Epoch 80:, Train 0.8882, Val 0.8739, Test 0.7310
Epoch 100:, Train 0.8871, Val 0.8745, Test 0.7291
Epoch 120:, Train 0.8918, Val 0.8784, Test 0.7341
Epoch 140:, Train 0.8939, Val 0.8786, Test 0.7374
Epoch 160:, Train 0.8952, Val 0.8808, Test 0.7357
Epoch 180:, Train 0.8965, Val 0.8802, Test 0.7366
Epoch 200:, Train 0.8990, Val 0.8823, Test 0.7419
Epoch 220:, Train 0.8961, Val 0.8809, Test 0.7397
Epoch 240:, Train 0.8960, Val 0.8785, Test 0.7372
Epoch 260:, Train 0.8993, Val 0.8799, Test 0.7382
Epoch 280:, Train 0.8997, Val 0.8794, Test 0.7424
Epoch 300:, Train 0.8986, Val 0.8810, Test 0.7413
BEST: Epoch 200, Train 0.8990, Val 0.8823, Test 0.7419

RUN #5: seed=128
Epoch 20:, Train 0.8665, Val 0.8598, Test 0.7040
Epoch 40:, Train 0.8763, Val 0.8675, Test 0.7149
Epoch 60:, Train 0.8846, Val 0.8720, Test 0.7259
Epoch 80:, Train 0.8893, Val 0.8771, Test 0.7336
Epoch 100:, Train 0.8920, Val 0.8775, Test 0.7318
Epoch 120:, Train 0.8886, Val 0.8764, Test 0.7323
Epoch 140:, Train 0.8933, Val 0.8782, Test 0.7353
Epoch 160:, Train 0.8938, Val 0.8766, Test 0.7363
Epoch 180:, Train 0.8964, Val 0.8812, Test 0.7386
Epoch 200:, Train 0.8959, Val 0.8797, Test 0.7401
Epoch 220:, Train 0.8877, Val 0.8743, Test 0.7320
Epoch 240:, Train 0.9004, Val 0.8836, Test 0.7438
Epoch 260:, Train 0.8991, Val 0.8825, Test 0.7388
Epoch 280:, Train 0.9011, Val 0.8830, Test 0.7473
Epoch 300:, Train 0.8985, Val 0.8800, Test 0.7385
BEST: Epoch 240, Train 0.9004, Val 0.8836, Test 0.7438

RUN #6: seed=256
Epoch 20:, Train 0.8669, Val 0.8579, Test 0.7043
Epoch 40:, Train 0.8761, Val 0.8662, Test 0.7184
Epoch 60:, Train 0.8830, Val 0.8717, Test 0.7291
Epoch 80:, Train 0.8700, Val 0.8646, Test 0.7207
Epoch 100:, Train 0.8846, Val 0.8738, Test 0.7267
Epoch 120:, Train 0.8919, Val 0.8763, Test 0.7342
Epoch 140:, Train 0.8934, Val 0.8771, Test 0.7361
Epoch 160:, Train 0.8920, Val 0.8769, Test 0.7342
Epoch 180:, Train 0.8947, Val 0.8772, Test 0.7356
Epoch 200:, Train 0.8857, Val 0.8732, Test 0.7392
Epoch 220:, Train 0.8980, Val 0.8802, Test 0.7392
Epoch 240:, Train 0.8981, Val 0.8803, Test 0.7440
Epoch 260:, Train 0.8978, Val 0.8800, Test 0.7401
Epoch 280:, Train 0.9000, Val 0.8824, Test 0.7435
Epoch 300:, Train 0.8998, Val 0.8813, Test 0.7430
BEST: Epoch 280, Train 0.9000, Val 0.8824, Test 0.7435

RUN #7: seed=512
Epoch 20:, Train 0.8666, Val 0.8585, Test 0.7069
Epoch 40:, Train 0.8803, Val 0.8705, Test 0.7226
Epoch 60:, Train 0.8845, Val 0.8735, Test 0.7262
Epoch 80:, Train 0.8882, Val 0.8747, Test 0.7329
Epoch 100:, Train 0.8939, Val 0.8801, Test 0.7380
Epoch 120:, Train 0.8932, Val 0.8770, Test 0.7360
Epoch 140:, Train 0.8927, Val 0.8776, Test 0.7325
Epoch 160:, Train 0.8923, Val 0.8758, Test 0.7301
Epoch 180:, Train 0.8942, Val 0.8794, Test 0.7372
Epoch 200:, Train 0.8984, Val 0.8829, Test 0.7409
Epoch 220:, Train 0.8952, Val 0.8769, Test 0.7373
Epoch 240:, Train 0.8980, Val 0.8789, Test 0.7391
Epoch 260:, Train 0.8972, Val 0.8792, Test 0.7415
Epoch 280:, Train 0.8996, Val 0.8805, Test 0.7461
Epoch 300:, Train 0.9012, Val 0.8807, Test 0.7427
BEST: Epoch 200, Train 0.8984, Val 0.8829, Test 0.7409

RUN #8: seed=1024
Epoch 20:, Train 0.8660, Val 0.8611, Test 0.7064
Epoch 40:, Train 0.8816, Val 0.8705, Test 0.7202
Epoch 60:, Train 0.8838, Val 0.8724, Test 0.7248
Epoch 80:, Train 0.8876, Val 0.8738, Test 0.7270
Epoch 100:, Train 0.8911, Val 0.8763, Test 0.7285
Epoch 120:, Train 0.8912, Val 0.8764, Test 0.7364
Epoch 140:, Train 0.8946, Val 0.8773, Test 0.7366
Epoch 160:, Train 0.8966, Val 0.8773, Test 0.7398
Epoch 180:, Train 0.8932, Val 0.8756, Test 0.7337
Epoch 200:, Train 0.8986, Val 0.8790, Test 0.7416
Epoch 220:, Train 0.8977, Val 0.8790, Test 0.7402
Epoch 240:, Train 0.8989, Val 0.8796, Test 0.7391
Epoch 260:, Train 0.8969, Val 0.8784, Test 0.7380
Epoch 280:, Train 0.9026, Val 0.8821, Test 0.7424
Epoch 300:, Train 0.9005, Val 0.8819, Test 0.7427
BEST: Epoch 280, Train 0.9026, Val 0.8821, Test 0.7424

RUN #9: seed=2048
Epoch 20:, Train 0.8664, Val 0.8598, Test 0.7107
Epoch 40:, Train 0.8793, Val 0.8718, Test 0.7208
Epoch 60:, Train 0.8804, Val 0.8719, Test 0.7294
Epoch 80:, Train 0.8844, Val 0.8731, Test 0.7307
Epoch 100:, Train 0.8896, Val 0.8758, Test 0.7320
Epoch 120:, Train 0.8922, Val 0.8762, Test 0.7338
Epoch 140:, Train 0.8939, Val 0.8779, Test 0.7372
Epoch 160:, Train 0.8950, Val 0.8787, Test 0.7394
Epoch 180:, Train 0.8970, Val 0.8788, Test 0.7362
Epoch 200:, Train 0.8974, Val 0.8804, Test 0.7428
Epoch 220:, Train 0.9009, Val 0.8821, Test 0.7398
Epoch 240:, Train 0.8986, Val 0.8811, Test 0.7374
Epoch 260:, Train 0.8991, Val 0.8817, Test 0.7436
Epoch 280:, Train 0.8990, Val 0.8810, Test 0.7423
Epoch 300:, Train 0.9017, Val 0.8841, Test 0.7456
BEST: Epoch 300, Train 0.9017, Val 0.8841, Test 0.7456




==================================================
Model Parameters: 4558903

Avg. Preaggregation Time (s): 24684.4595 +/- 0.0000
Avg. Training Time (epoch) (s): 2.7490 +/- 0.0732
Avg. Inference Time (s): 1.1548 +/- 0.0163

Avg. Training Acc: 0.9004 +/- 0.0014
Avg. Validation Acc: 0.8831 +/- 0.0009
Avg. Test Acc: 0.7425 +/- 0.0020

==================================================

++++++++++++++++++++++++++++++++++++++++++++++++++++
TOTAL RUNTIME = 9 hours 56 minutes
++++++++++++++++++++++++++++++++++++++++++++++++++++
