Wed 22 Jun 2022 03:03:11 PM CEST
r31n2.lisa.surfsara.nl
uid=55639(jharris) gid=55199(jharris) groups=55199(jharris),46457(lisa_uva_gpu),50488(ssh_forwarding)
/home/jharris/Desktop/approx_attention
/home/jharris/Desktop/approx_attention/venvs/GPU_venv/bin/python
/home/jharris/Desktop/approx_attention/venvs/GPU_venv/bin/python

Check if packages installed correctly
Torch: 1.11.0+cu113
PyG: 2.0.4


==================================================
dataset: products
method: bayes
model: SIGNff_CS
iterations: 100
run_trial: false
config: SIGNff_CS.yaml
train_file: hps_SIGNff_CS.py
project_name: sffCS_products
method: bayes
metric:
  goal: minimize
  name: val_loss
parameters:
  ATTN_NORMALIZATION:
    value: 1
  BATCH_NORMALIZATION:
    value: 1
  BATCH_SIZE:
    values:
    - 2048
    - 4096
    - 8192
    - 16384
  CLASSIFICATION_LAYERS:
    distribution: int_uniform
    max: 3
    min: 1
  CLASSIFICATION_UNITS:
    values:
    - 128
    - 256
    - 512
    - 1024
  DATASET:
    value: products
  EPOCHS:
    value: 300
  FEATURE_DROPOUT:
    values:
    - 0.0
    - 0.1
    - 0.2
    - 0.3
    - 0.4
    - 0.5
    - 0.6
    - 0.7
  HOPS:
    values:
    - 0
    - 1
    - 2
    - 3
    - 4
    - 5
  INCEPTION_LAYERS:
    distribution: int_uniform
    max: 3
    min: 1
  INCEPTION_UNITS:
    values:
    - 128
    - 256
    - 512
    - 1024
  LEARNING_RATE:
    values:
    - 1.0
    - 0.1
    - 0.01
    - 0.001
    - 0.0001
    - 1.0e-05
    - 1.0e-06
    - 1.0e-07
  LR_PATIENCE:
    value: 5
  NODE_DROPOUT:
    values:
    - 0.0
    - 0.1
    - 0.2
    - 0.3
    - 0.4
    - 0.5
    - 0.6
    - 0.7
  SEED:
    value: 42
  TERMINATION_PATIENCE:
    value: 10
  TRANSFORMATION:
    value: cosine
  WEIGHT_DECAY:
    values:
    - 1.0
    - 0.1
    - 0.01
    - 0.001
    - 0.0001
    - 1.0e-05
    - 1.0e-06
    - 1.0e-07
program: hps_SIGNff_CS.py

wandb: Currently logged in as: jah377. Use `wandb login --relogin` to force relogin
wandb: Tracking run with wandb version 0.12.18
wandb: Run data is saved locally in /scratch/sffCS_products/wandb/run-20220622_150446-20e5d9y2
wandb: Run `wandb offline` to turn off syncing.
wandb: Syncing run effortless-blaze-220
wandb:  View project at https://wandb.ai/jah377/sffCS_products
wandb:  View run at https://wandb.ai/jah377/sffCS_products/runs/20e5d9y2
wandb: Starting wandb agent \U0001f575\ufe0f
2022-06-22 15:04:55,303 - wandb.wandb_agent - INFO - Running runs: []
2022-06-22 15:04:55,565 - wandb.wandb_agent - INFO - Agent received command: run
2022-06-22 15:04:55,566 - wandb.wandb_agent - INFO - Agent starting run with config:
	ATTN_NORMALIZATION: 1
	BATCH_NORMALIZATION: 1
	BATCH_SIZE: 8192
	CLASSIFICATION_LAYERS: 2
	CLASSIFICATION_UNITS: 128
	DATASET: products
	EPOCHS: 300
	FEATURE_DROPOUT: 0.7
	HOPS: 5
	INCEPTION_LAYERS: 2
	INCEPTION_UNITS: 128
	LEARNING_RATE: 1e-07
	LR_PATIENCE: 5
	NODE_DROPOUT: 0.2
	SEED: 42
	TERMINATION_PATIENCE: 10
	TRANSFORMATION: cosine
	WEIGHT_DECAY: 0.1
2022-06-22 15:04:55,574 - wandb.wandb_agent - INFO - About to run command: /usr/bin/env python hps_SIGNff_CS.py --ATTN_NORMALIZATION=1 --BATCH_NORMALIZATION=1 --BATCH_SIZE=8192 --CLASSIFICATION_LAYERS=2 --CLASSIFICATION_UNITS=128 --DATASET=products --EPOCHS=300 --FEATURE_DROPOUT=0.7 --HOPS=5 --INCEPTION_LAYERS=2 --INCEPTION_UNITS=128 --LEARNING_RATE=1e-07 --LR_PATIENCE=5 --NODE_DROPOUT=0.2 --SEED=42 --TERMINATION_PATIENCE=10 --TRANSFORMATION=cosine --WEIGHT_DECAY=0.1
Using backend: pytorch
wandb: Currently logged in as: jah377. Use `wandb login --relogin` to force relogin
2022-06-22 15:05:00,582 - wandb.wandb_agent - INFO - Running runs: ['dlwzs8gu']
wandb: Tracking run with wandb version 0.12.18
wandb: Run data is saved locally in /scratch/sffCS_products/wandb/run-20220622_150500-dlwzs8gu
wandb: Run `wandb offline` to turn off syncing.
wandb: Syncing run swept-sweep-1
wandb:  View project at https://wandb.ai/jah377/sffCS_products
wandb:  View sweep at https://wandb.ai/jah377/sffCS_products/sweeps/ki0qijnx
wandb:  View run at https://wandb.ai/jah377/sffCS_products/runs/dlwzs8gu
