Wed 22 Jun 2022 02:39:54 PM CEST
r30n7.lisa.surfsara.nl
uid=55639(jharris) gid=55199(jharris) groups=55199(jharris),46457(lisa_uva_gpu),50488(ssh_forwarding)
/home/jharris/Desktop/approx_attention
/home/jharris/Desktop/approx_attention/venvs/GPU_venv/bin/python

Check if packages installed correctly
Torch: 1.11.0+cu113
PyG: 2.0.4

==================================================
Using backend: pytorch

===== PRODUCTS =====

Namespace(DATASET='products', ATTN_FILTER='dot_product', EPOCHS=300, EVAL_EVERY=20, RUN_SEEDS=[0, 4, 8, 42, 64, 128, 256, 512, 1024, 2048], HOPS=3, BATCH_SIZE=4096, LEARNING_RATE=0.01, WEIGHT_DECAY=1e-05, INCEPTION_LAYERS=3, INCEPTION_UNITS=1024, CLASSIFICATION_LAYERS=3, CLASSIFICATION_UNITS=1024, FEATURE_DROPOUT=0.1, NODE_DROPOUT=0.4, BATCH_NORMALIZATION=1, ATTN_HEADS=1, ATTN_NORMALIZATION=1, GAT_EPOCHS=10, GAT_BATCH_SIZE=1024, GAT_LEARNING_RATE=0.01, GAT_WEIGHT_DECAY=0.001, GAT_HIDDEN_UNITS=8, GAT_NODE_DROPOUT=0.6, GAT_LAYERS=2, GAT_HEADS_IN=8, GAT_HEADS_OUT=8, GAT_NEIGHBORS=150, GAT_LR_PATIENCE=5)

RUN #0: seed=0
DOT_PRODUCT
Attention Filter (n=122947250): 0.151 +\- 0.234 [0.000-1.000]
Total Transformation Time: 25040.7201
Epoch 20:, Train 0.9133, Val 0.8827, Test 0.7237
Epoch 40:, Train 0.9272, Val 0.8961, Test 0.7393
Epoch 60:, Train 0.9307, Val 0.8984, Test 0.7441
Epoch 80:, Train 0.9269, Val 0.8903, Test 0.7297
Epoch 100:, Train 0.9268, Val 0.8908, Test 0.7357
Epoch 120:, Train 0.9330, Val 0.8971, Test 0.7392
Epoch 140:, Train 0.9349, Val 0.8966, Test 0.7396
Epoch 160:, Train 0.9355, Val 0.8984, Test 0.7461
Epoch 180:, Train 0.9372, Val 0.8980, Test 0.7486
Epoch 200:, Train 0.9392, Val 0.8988, Test 0.7505
Epoch 220:, Train 0.9367, Val 0.8994, Test 0.7490
Epoch 240:, Train 0.9270, Val 0.8912, Test 0.7330
Epoch 260:, Train 0.9353, Val 0.8946, Test 0.7463
Epoch 280:, Train 0.9347, Val 0.8949, Test 0.7368
Epoch 300:, Train 0.9371, Val 0.8971, Test 0.7483
BEST: Epoch 220, Train 0.9367, Val 0.8994, Test 0.7490

RUN #1: seed=4
DOT_PRODUCT
Attention Filter (n=122825229): 0.152 +\- 0.232 [0.000-1.000]
Total Transformation Time: 25034.9843
Epoch 20:, Train 0.9163, Val 0.8883, Test 0.7238
Epoch 40:, Train 0.9266, Val 0.8947, Test 0.7374
Epoch 60:, Train 0.9326, Val 0.8979, Test 0.7475
Epoch 80:, Train 0.9296, Val 0.8940, Test 0.7427
Epoch 100:, Train 0.9321, Val 0.8947, Test 0.7459
Epoch 120:, Train 0.9347, Val 0.8981, Test 0.7485
Epoch 140:, Train 0.9316, Val 0.8929, Test 0.7472
Epoch 160:, Train 0.9357, Val 0.8989, Test 0.7476
Epoch 180:, Train 0.9314, Val 0.8941, Test 0.7409
Epoch 200:, Train 0.9362, Val 0.8987, Test 0.7485
Epoch 220:, Train 0.9385, Val 0.8999, Test 0.7590
Epoch 240:, Train 0.9333, Val 0.8952, Test 0.7412
Epoch 260:, Train 0.9356, Val 0.8976, Test 0.7467
Epoch 280:, Train 0.9384, Val 0.9002, Test 0.7505
